{"logTime": "0208/062324", "correlationVector":"xiJnyrnHNyXytmUiblzZ9y.41","action":"GetUpdates", "result":"DeleteReceived", "context":{"id":"af384659-01bd-4f1a-86a6-c69da544ded7", "isDeleted:":"true", "version":"1707002222708"}}
{"logTime": "0208/062324", "correlationVector":"xiJnyrnHNyXytmUiblzZ9y.42","action":"GetUpdates", "result":"DeleteReceived", "context":{"id":"9745624a-30ae-4c9c-ae76-2a86eb28dc40", "isDeleted:":"true", "version":"1707002356433"}}
{"logTime": "0208/062324", "correlationVector":"xiJnyrnHNyXytmUiblzZ9y.43","action":"GetUpdates", "result":"DeleteReceived", "context":{"id":"12fde210-6793-417c-a8e3-38c0b5621e95", "isDeleted:":"true", "version":"1707002356434"}}
{"logTime": "0208/062324", "correlationVector":"xiJnyrnHNyXytmUiblzZ9y.44","action":"GetUpdates", "result":"DeleteReceived", "context":{"id":"850514c2-a4d0-41c2-b9ee-f4aa606eda21", "isDeleted:":"true", "version":"1707002543479"}}
{"logTime": "0208/062324", "correlationVector":"xiJnyrnHNyXytmUiblzZ9y.45","action":"GetUpdates", "result":"DeleteReceived", "context":{"id":"d7a75977-5f32-4653-a5ed-b20d88bcbfa6", "isDeleted:":"true", "version":"1707002543480"}}
{"logTime": "0208/062324", "correlationVector":"xiJnyrnHNyXytmUiblzZ9y.46","action":"GetUpdates", "result":"DeleteReceived", "context":{"id":"8ad9bdc5-665e-48f2-9b22-bd62f9612290", "isDeleted:":"true", "version":"1707009988601"}}
{"logTime": "0208/062324", "correlationVector":"xiJnyrnHNyXytmUiblzZ9y.47","action":"GetUpdates", "result":"DeleteReceived", "context":{"id":"1fd3d36c-4826-4ca2-a091-45a62d67c527", "isDeleted:":"true", "version":"1707010415793"}}
{"logTime": "0208/062324", "correlationVector":"xiJnyrnHNyXytmUiblzZ9y.48","action":"GetUpdates", "result":"DeleteReceived", "context":{"id":"53d79bbc-ea16-417c-987a-cd29747a6372", "isDeleted:":"true", "version":"1707010415794"}}
{"logTime": "0208/062324", "correlationVector":"xiJnyrnHNyXytmUiblzZ9y.49","action":"GetUpdates", "result":"DeleteReceived", "context":{"id":"d55f24b8-0a6f-4493-8d25-381ab87b0237", "isDeleted:":"true", "version":"1707011153127"}}
{"logTime": "0208/062324", "correlationVector":"xiJnyrnHNyXytmUiblzZ9y.50","action":"GetUpdates", "result":"DeleteReceived", "context":{"id":"e114222c-ced7-4b64-b0cb-bdedb633bbde", "isDeleted:":"true", "version":"1707011153128"}}
{"logTime": "0208/062324", "correlationVector":"xiJnyrnHNyXytmUiblzZ9y.51","action":"GetUpdates", "result":"DeleteReceived", "context":{"id":"7a328fd2-ed34-4348-8728-e27be1ea1612", "isDeleted:":"true", "version":"1707011723990"}}
{"logTime": "0208/062324", "correlationVector":"xiJnyrnHNyXytmUiblzZ9y.52","action":"GetUpdates", "result":"DeleteReceived", "context":{"id":"6b62b851-92f1-4080-8f42-2511838d46de", "isDeleted:":"true", "version":"1707012605577"}}
{"logTime": "0208/062324", "correlationVector":"xiJnyrnHNyXytmUiblzZ9y.53","action":"GetUpdates", "result":"DeleteReceived", "context":{"id":"268ea941-1e0b-41f1-acc1-278d360167c9", "isDeleted:":"true", "version":"1707012636058"}}
{"logTime": "0208/062324", "correlationVector":"xiJnyrnHNyXytmUiblzZ9y.54","action":"GetUpdates", "result":"DeleteReceived", "context":{"id":"74768107-6b04-4f37-b8b6-49cd077eb3ba", "isDeleted:":"true", "version":"1707012843332"}}
{"logTime": "0208/062324", "correlationVector":"xiJnyrnHNyXytmUiblzZ9y.55","action":"GetUpdates", "result":"DeleteReceived", "context":{"id":"7fc75e40-0967-4e53-bdfb-4da8fda68d8b", "isDeleted:":"true", "version":"1707012880421"}}
{"logTime": "0208/062324", "correlationVector":"xiJnyrnHNyXytmUiblzZ9y.56","action":"GetUpdates", "result":"DeleteReceived", "context":{"id":"92cfed19-b2f5-43ea-a290-ea6fed6a5e46", "isDeleted:":"true", "version":"1707012941963"}}
{"logTime": "0208/062324", "correlationVector":"xiJnyrnHNyXytmUiblzZ9y.57","action":"GetUpdates", "result":"DeleteReceived", "context":{"id":"29b04f1e-7c4f-4e09-a211-febaddbe3fe6", "isDeleted:":"true", "version":"1707012941964"}}
{"logTime": "0208/062324", "correlationVector":"xiJnyrnHNyXytmUiblzZ9y.58","action":"GetUpdates", "result":"DeleteReceived", "context":{"id":"26c867f4-0381-45a8-b1b7-6a845192de02", "isDeleted:":"true", "version":"1707012941965"}}
{"logTime": "0208/062324", "correlationVector":"xiJnyrnHNyXytmUiblzZ9y.59","action":"GetUpdates", "result":"DeleteReceived", "context":{"id":"bc33cadf-a998-4012-a39b-ce32280532b8", "isDeleted:":"true", "version":"1707012941966"}}
{"logTime": "0208/062324", "correlationVector":"xiJnyrnHNyXytmUiblzZ9y.60","action":"GetUpdates", "result":"DeleteReceived", "context":{"id":"b3f00420-8629-4d2c-bdd1-a81f07054c45", "isDeleted:":"true", "version":"1707012999439"}}
{"logTime": "0208/062324", "correlationVector":"xiJnyrnHNyXytmUiblzZ9y.61","action":"GetUpdates", "result":"DeleteReceived", "context":{"id":"6c42f4c5-22dd-43e1-9a13-0b6af3a273c0", "isDeleted:":"true", "version":"1707012999440"}}
{"logTime": "0208/062324", "correlationVector":"xiJnyrnHNyXytmUiblzZ9y.62","action":"GetUpdates", "result":"DeleteReceived", "context":{"id":"69cfa702-1898-493f-823f-bb316521178b", "isDeleted:":"true", "version":"1707013169980"}}
{"logTime": "0208/062324", "correlationVector":"xiJnyrnHNyXytmUiblzZ9y.63","action":"GetUpdates", "result":"DeleteReceived", "context":{"id":"56ab7410-52d5-40d7-a1c2-6027bdbc1e02", "isDeleted:":"true", "version":"1707013424919"}}
{"logTime": "0208/062324", "correlationVector":"xiJnyrnHNyXytmUiblzZ9y.64","action":"GetUpdates", "result":"DeleteReceived", "context":{"id":"95710466-8869-4297-9c82-6df70731b43d", "isDeleted:":"true", "version":"1707013475232"}}
{"logTime": "0208/062324", "correlationVector":"xiJnyrnHNyXytmUiblzZ9y.65","action":"GetUpdates", "result":"DeleteReceived", "context":{"id":"029bc753-03a5-4c85-948d-dbd14db747f7", "isDeleted:":"true", "version":"1707013564845"}}
{"logTime": "0208/062324", "correlationVector":"xiJnyrnHNyXytmUiblzZ9y.66","action":"GetUpdates", "result":"DeleteReceived", "context":{"id":"6eb3ca5c-669f-445c-8c36-2ca7336cffbe", "isDeleted:":"true", "version":"1707013564846"}}
{"logTime": "0208/062324", "correlationVector":"xiJnyrnHNyXytmUiblzZ9y.67","action":"GetUpdates", "result":"DeleteReceived", "context":{"id":"f28a2af4-bb2c-44a9-8a93-b90b7cb814de", "isDeleted:":"true", "version":"1707013564847"}}
{"logTime": "0208/062324", "correlationVector":"xiJnyrnHNyXytmUiblzZ9y.68","action":"GetUpdates", "result":"DeleteReceived", "context":{"id":"df60db87-636d-4116-a79b-3ab21ce250c3", "isDeleted:":"true", "version":"1707013848717"}}
{"logTime": "0208/062324", "correlationVector":"xiJnyrnHNyXytmUiblzZ9y.69","action":"GetUpdates", "result":"DeleteReceived", "context":{"id":"6d464bc0-3438-4868-a08f-b1a29391089a", "isDeleted:":"true", "version":"1707014329545"}}
{"logTime": "0208/062324", "correlationVector":"xiJnyrnHNyXytmUiblzZ9y.70","action":"GetUpdates", "result":"DeleteReceived", "context":{"id":"365bb929-9070-4819-bea3-0916e1ebf040", "isDeleted:":"true", "version":"1707014816514"}}
{"logTime": "0208/062324", "correlationVector":"xiJnyrnHNyXytmUiblzZ9y.71","action":"GetUpdates", "result":"DeleteReceived", "context":{"id":"f63a463a-3dfa-4eec-8bbc-bd5fbfaabb8a", "isDeleted:":"true", "version":"1707014816515"}}
{"logTime": "0208/062324", "correlationVector":"xiJnyrnHNyXytmUiblzZ9y.72","action":"GetUpdates", "result":"DeleteReceived", "context":{"id":"65b5aa77-5ff7-49e6-be69-ee8e4a9989bf", "isDeleted:":"true", "version":"1707015219215"}}
{"logTime": "0208/062324", "correlationVector":"xiJnyrnHNyXytmUiblzZ9y.73","action":"GetUpdates", "result":"DeleteReceived", "context":{"id":"352a08e6-f6f1-494b-bdc4-1897ae7957c0", "isDeleted:":"true", "version":"1707015219216"}}
{"logTime": "0208/062324", "correlationVector":"xiJnyrnHNyXytmUiblzZ9y.74","action":"GetUpdates", "result":"DeleteReceived", "context":{"id":"8aa9c8f0-f00c-4dc9-a650-51aef274b76c", "isDeleted:":"true", "version":"1707015219223"}}
{"logTime": "0208/062324", "correlationVector":"xiJnyrnHNyXytmUiblzZ9y.75","action":"GetUpdates", "result":"DeleteReceived", "context":{"id":"b89c3142-c7eb-41fa-893c-504e06088ad4", "isDeleted:":"true", "version":"1707015255734"}}
{"logTime": "0208/062324", "correlationVector":"xiJnyrnHNyXytmUiblzZ9y.76","action":"GetUpdates", "result":"DeleteReceived", "context":{"id":"abb77b94-d902-4ebd-8d68-ae39e185469d", "isDeleted:":"true", "version":"1707015351108"}}
{"logTime": "0208/062324", "correlationVector":"xiJnyrnHNyXytmUiblzZ9y.77","action":"GetUpdates", "result":"DeleteReceived", "context":{"id":"ab629d81-6235-46dd-bfb4-1dcec6c1ef80", "isDeleted:":"true", "version":"1707015547742"}}
{"logTime": "0208/062324", "correlationVector":"xiJnyrnHNyXytmUiblzZ9y.78","action":"GetUpdates", "result":"DeleteReceived", "context":{"id":"0dedd8ed-c46c-437f-8df1-bbd5ffed2a0e", "isDeleted:":"true", "version":"1707015547744"}}
{"logTime": "0208/062324", "correlationVector":"xiJnyrnHNyXytmUiblzZ9y.79","action":"GetUpdates", "result":"DeleteReceived", "context":{"id":"a7a5542b-67aa-4f17-8f73-87e1e360f31c", "isDeleted:":"true", "version":"1707015640125"}}
{"logTime": "0208/062324", "correlationVector":"xiJnyrnHNyXytmUiblzZ9y.80","action":"GetUpdates", "result":"DeleteReceived", "context":{"id":"8244ba40-17e7-42e1-a04e-e01c52e4ecb2", "isDeleted:":"true", "version":"1707015719646"}}
{"logTime": "0208/062324", "correlationVector":"xiJnyrnHNyXytmUiblzZ9y.81","action":"GetUpdates", "result":"DeleteReceived", "context":{"id":"7110529a-9ac2-4d40-935f-584fd3b87d5c", "isDeleted:":"true", "version":"1707015846471"}}
{"logTime": "0208/062324", "correlationVector":"xiJnyrnHNyXytmUiblzZ9y.82","action":"GetUpdates", "result":"DeleteReceived", "context":{"id":"2ba16e0f-359a-455c-ac56-678c05329424", "isDeleted:":"true", "version":"1707015935753"}}
{"logTime": "0208/062324", "correlationVector":"xiJnyrnHNyXytmUiblzZ9y.83","action":"GetUpdates", "result":"DeleteReceived", "context":{"id":"020112af-332a-4e2e-978e-b3341a82088d", "isDeleted:":"true", "version":"1707016155823"}}
{"logTime": "0208/062324", "correlationVector":"xiJnyrnHNyXytmUiblzZ9y.84","action":"GetUpdates", "result":"DeleteReceived", "context":{"id":"226dd58e-5a8d-4c1d-88d1-0fa195522e22", "isDeleted:":"true", "version":"1707016155824"}}
{"logTime": "0208/062324", "correlationVector":"xiJnyrnHNyXytmUiblzZ9y.85","action":"GetUpdates", "result":"DeleteReceived", "context":{"id":"77bdded8-6f32-46fa-897d-e51c353c4263", "isDeleted:":"true", "version":"1707016390953"}}
{"logTime": "0208/062324", "correlationVector":"xiJnyrnHNyXytmUiblzZ9y.86","action":"GetUpdates", "result":"DeleteReceived", "context":{"id":"6a291751-5d1f-4548-ad8c-aaf06c497ea8", "isDeleted:":"true", "version":"1707016673556"}}
{"logTime": "0208/062324", "correlationVector":"xiJnyrnHNyXytmUiblzZ9y.87","action":"GetUpdates", "result":"DeleteReceived", "context":{"id":"c8f7e3dc-b788-490d-98ac-08d762ee5256", "isDeleted:":"true", "version":"1707016777499"}}
{"logTime": "0208/062324", "correlationVector":"xiJnyrnHNyXytmUiblzZ9y.88","action":"GetUpdates", "result":"DeleteReceived", "context":{"id":"d449448e-8dae-455c-999c-74bbf19edb30", "isDeleted:":"true", "version":"1707017033639"}}
{"logTime": "0208/062324", "correlationVector":"xiJnyrnHNyXytmUiblzZ9y.89","action":"GetUpdates", "result":"DeleteReceived", "context":{"id":"508e8cf5-0f32-4476-b54e-ac27be018e9f", "isDeleted:":"true", "version":"1707017033640"}}
{"logTime": "0208/062325", "correlationVector":"xiJnyrnHNyXytmUiblzZ9y.90","action":"GetUpdates", "result":"DeleteReceived", "context":{"id":"b8a40283-9d21-49cd-9aa1-c2fc947c434f", "isDeleted:":"true", "version":"1707018025995"}}
{"logTime": "0208/062325", "correlationVector":"xiJnyrnHNyXytmUiblzZ9y.91","action":"GetUpdates", "result":"DeleteReceived", "context":{"id":"2bab4e72-1a27-423c-a2be-58b22a3fcdcc", "isDeleted:":"true", "version":"1707021259614"}}
{"logTime": "0208/062325", "correlationVector":"xiJnyrnHNyXytmUiblzZ9y.92","action":"GetUpdates", "result":"DeleteReceived", "context":{"id":"8983db6b-e6ec-4d4a-8848-e7c389eec406", "isDeleted:":"true", "version":"1707040824465"}}
{"logTime": "0208/062325", "correlationVector":"xiJnyrnHNyXytmUiblzZ9y.93","action":"GetUpdates", "result":"DeleteReceived", "context":{"id":"90b1bf4b-01b4-4723-94f3-ede85af22bda", "isDeleted:":"true", "version":"1707040824466"}}
{"logTime": "0208/062325", "correlationVector":"xiJnyrnHNyXytmUiblzZ9y.94","action":"GetUpdates", "result":"DeleteReceived", "context":{"id":"23aaf9d1-240a-4b05-8c40-1a31171423b2", "isDeleted:":"true", "version":"1707040824467"}}
{"logTime": "0208/062325", "correlationVector":"xiJnyrnHNyXytmUiblzZ9y.95","action":"GetUpdates", "result":"DeleteReceived", "context":{"id":"87f0e7fb-cd5f-4d89-af0f-34d6c9de5034", "isDeleted:":"true", "version":"1707046480922"}}
{"logTime": "0208/062325", "correlationVector":"xiJnyrnHNyXytmUiblzZ9y.96","action":"GetUpdates", "result":"DeleteReceived", "context":{"id":"01fbbfe5-d72c-45fc-a631-8dbdea1ac34d", "isDeleted:":"true", "version":"1707046513626"}}
{"logTime": "0208/062325", "correlationVector":"xiJnyrnHNyXytmUiblzZ9y.97","action":"GetUpdates", "result":"DeleteReceived", "context":{"id":"61a5255f-bf73-464b-8d0c-9959c57cc177", "isDeleted:":"true", "version":"1707048262617"}}
{"logTime": "0208/062325", "correlationVector":"xiJnyrnHNyXytmUiblzZ9y.98","action":"GetUpdates", "result":"DeleteReceived", "context":{"id":"3d3e9232-36ab-4318-872c-40e0d894ad92", "isDeleted:":"true", "version":"1707048858148"}}
{"logTime": "0208/062325", "correlationVector":"xiJnyrnHNyXytmUiblzZ9y.99","action":"GetUpdates", "result":"DeleteReceived", "context":{"id":"32a402c2-5997-495e-8d4c-1422da35144f", "isDeleted:":"true", "version":"1707049108978"}}
{"logTime": "0208/062325", "correlationVector":"xiJnyrnHNyXytmUiblzZ9y.100","action":"GetUpdates", "result":"DeleteReceived", "context":{"id":"2a183aeb-2db2-464c-889f-224a4a66039a", "isDeleted:":"true", "version":"1707049152342"}}
{"logTime": "0208/062325", "correlationVector":"xiJnyrnHNyXytmUiblzZ9y.101","action":"GetUpdates", "result":"DeleteReceived", "context":{"id":"e95b3fef-f6ea-49f8-9868-d23245f69683", "isDeleted:":"true", "version":"1707049152344"}}
{"logTime": "0208/062325", "correlationVector":"xiJnyrnHNyXytmUiblzZ9y.102","action":"GetUpdates", "result":"DeleteReceived", "context":{"id":"cd3347bf-f384-4bf9-bbf1-4875a7b550a2", "isDeleted:":"true", "version":"1707049300965"}}
{"logTime": "0208/062325", "correlationVector":"xiJnyrnHNyXytmUiblzZ9y.103","action":"GetUpdates", "result":"DeleteReceived", "context":{"id":"f905f554-231a-4002-a5a8-3d2d11e84403", "isDeleted:":"true", "version":"1707049343287"}}
{"logTime": "0208/062325", "correlationVector":"xiJnyrnHNyXytmUiblzZ9y.104","action":"GetUpdates", "result":"DeleteReceived", "context":{"id":"c6314b86-acc8-44a1-b085-1aea5df21192", "isDeleted:":"true", "version":"1707049895005"}}
{"logTime": "0208/062325", "correlationVector":"xiJnyrnHNyXytmUiblzZ9y.105","action":"GetUpdates", "result":"DeleteReceived", "context":{"id":"a23983f3-6a3e-4ec3-9fb2-2daa5683515f", "isDeleted:":"true", "version":"1707071532077"}}
{"logTime": "0208/062325", "correlationVector":"xiJnyrnHNyXytmUiblzZ9y.106","action":"GetUpdates", "result":"DeleteReceived", "context":{"id":"287a3d51-65ad-4133-ae0b-5ce60c561440", "isDeleted:":"true", "version":"1707071532079"}}
{"logTime": "0208/062325", "correlationVector":"xiJnyrnHNyXytmUiblzZ9y.107","action":"GetUpdates", "result":"DeleteReceived", "context":{"id":"e50ceffd-3a48-4ae5-8978-6d550f01211a", "isDeleted:":"true", "version":"1707071563087"}}
{"logTime": "0208/062325", "correlationVector":"xiJnyrnHNyXytmUiblzZ9y.108","action":"GetUpdates", "result":"DeleteReceived", "context":{"id":"1c61a2d4-c86b-4ac9-9ce7-f8c01da9576d", "isDeleted:":"true", "version":"1707072067682"}}
{"logTime": "0208/062325", "correlationVector":"xiJnyrnHNyXytmUiblzZ9y.109","action":"GetUpdates", "result":"DeleteReceived", "context":{"id":"3fd7af87-379e-447c-81e7-d35684268ded", "isDeleted:":"true", "version":"1707072304573"}}
{"logTime": "0208/062325", "correlationVector":"xiJnyrnHNyXytmUiblzZ9y.110","action":"GetUpdates", "result":"DeleteReceived", "context":{"id":"1b9da4d5-8fc2-435e-83e1-3628fd1225b9", "isDeleted:":"true", "version":"1707072304574"}}
{"logTime": "0208/062325", "correlationVector":"xiJnyrnHNyXytmUiblzZ9y.111","action":"GetUpdates", "result":"DeleteReceived", "context":{"id":"79cdadc8-26ad-4180-8d9b-2dd022fbbb88", "isDeleted:":"true", "version":"1707077109728"}}
{"logTime": "0208/062325", "correlationVector":"xiJnyrnHNyXytmUiblzZ9y.112","action":"GetUpdates", "result":"DeleteReceived", "context":{"id":"7d3cec94-624c-4a59-a9df-55e164296e99", "isDeleted:":"true", "version":"1707077109729"}}
{"logTime": "0208/062325", "correlationVector":"xiJnyrnHNyXytmUiblzZ9y.113","action":"GetUpdates", "result":"DeleteReceived", "context":{"id":"91a5a994-9a93-48cb-be07-d919a80cb008", "isDeleted:":"true", "version":"1707080522234"}}
{"logTime": "0208/062325", "correlationVector":"xiJnyrnHNyXytmUiblzZ9y.114","action":"GetUpdates", "result":"DeleteReceived", "context":{"id":"62d3fead-39ed-4efe-8979-cb694c38f878", "isDeleted:":"true", "version":"1707081778999"}}
{"logTime": "0208/062325", "correlationVector":"xiJnyrnHNyXytmUiblzZ9y.115","action":"GetUpdates", "result":"DeleteReceived", "context":{"id":"dbe26ee8-4d10-4578-b55b-f4990e894917", "isDeleted:":"true", "version":"1707082349060"}}
{"logTime": "0208/062325", "correlationVector":"xiJnyrnHNyXytmUiblzZ9y.116","action":"GetUpdates", "result":"DeleteReceived", "context":{"id":"75ba6b7c-2cba-49ba-9b36-88187cdb3584", "isDeleted:":"true", "version":"1707082795171"}}
{"logTime": "0208/062325", "correlationVector":"xiJnyrnHNyXytmUiblzZ9y.117","action":"GetUpdates", "result":"DeleteReceived", "context":{"id":"848651bf-f9ce-4652-bd83-1e11de0c1956", "isDeleted:":"true", "version":"1707082962121"}}
{"logTime": "0208/062325", "correlationVector":"xiJnyrnHNyXytmUiblzZ9y.118","action":"GetUpdates", "result":"DeleteReceived", "context":{"id":"2acaae7d-17a5-4624-a2b9-440c7bc6f682", "isDeleted:":"true", "version":"1707083025461"}}
{"logTime": "0208/062325", "correlationVector":"xiJnyrnHNyXytmUiblzZ9y.119","action":"GetUpdates", "result":"DeleteReceived", "context":{"id":"f4651dc4-1a69-4f26-998a-d7b8d25b4223", "isDeleted:":"true", "version":"1707083265854"}}
{"logTime": "0208/062325", "correlationVector":"xiJnyrnHNyXytmUiblzZ9y.120","action":"GetUpdates", "result":"DeleteReceived", "context":{"id":"899a766e-b853-4d41-9213-e185dcbc4646", "isDeleted:":"true", "version":"1707083596490"}}
{"logTime": "0208/062325", "correlationVector":"xiJnyrnHNyXytmUiblzZ9y.121","action":"GetUpdates", "result":"DeleteReceived", "context":{"id":"293b8de7-d106-4807-9552-373f1df0a886", "isDeleted:":"true", "version":"1707083868841"}}
{"logTime": "0208/062325", "correlationVector":"xiJnyrnHNyXytmUiblzZ9y.122","action":"GetUpdates", "result":"DeleteReceived", "context":{"id":"17b3a8df-01fc-4cf1-8b78-10d1b318ac91", "isDeleted:":"true", "version":"1707083868842"}}
{"logTime": "0208/062325", "correlationVector":"xiJnyrnHNyXytmUiblzZ9y.123","action":"GetUpdates", "result":"DeleteReceived", "context":{"id":"8e70eeaa-d20f-44a2-9981-065c7169be69", "isDeleted:":"true", "version":"1707083961708"}}
{"logTime": "0208/062325", "correlationVector":"xiJnyrnHNyXytmUiblzZ9y.124","action":"GetUpdates", "result":"DeleteReceived", "context":{"id":"de113b72-e8c0-4263-8a5a-bebaed46d468", "isDeleted:":"true", "version":"1707083961709"}}
{"logTime": "0208/062325", "correlationVector":"xiJnyrnHNyXytmUiblzZ9y.125","action":"GetUpdates", "result":"DeleteReceived", "context":{"id":"a09fa7aa-0b99-4ac5-9496-2a08a9085c30", "isDeleted:":"true", "version":"1707084124385"}}
{"logTime": "0208/062325", "correlationVector":"xiJnyrnHNyXytmUiblzZ9y.126","action":"GetUpdates", "result":"DeleteReceived", "context":{"id":"c55ab668-d9f1-4453-a57e-eccccf4923db", "isDeleted:":"true", "version":"1707084164544"}}
{"logTime": "0208/062325", "correlationVector":"xiJnyrnHNyXytmUiblzZ9y.127","action":"GetUpdates", "result":"DeleteReceived", "context":{"id":"885792a7-682e-4d97-82bd-c7e4662142a8", "isDeleted:":"true", "version":"1707084164547"}}
{"logTime": "0208/062325", "correlationVector":"xiJnyrnHNyXytmUiblzZ9y.128","action":"GetUpdates", "result":"DeleteReceived", "context":{"id":"a6e471f6-8e60-42f9-8b94-62448e2397a6", "isDeleted:":"true", "version":"1707084335999"}}
{"logTime": "0208/062325", "correlationVector":"xiJnyrnHNyXytmUiblzZ9y.129","action":"GetUpdates", "result":"DeleteReceived", "context":{"id":"b51d0ae6-bdb7-463f-a013-17ffff2ef574", "isDeleted:":"true", "version":"1707084489604"}}
{"logTime": "0208/062325", "correlationVector":"xiJnyrnHNyXytmUiblzZ9y.130","action":"GetUpdates", "result":"DeleteReceived", "context":{"id":"e1a4d8b8-05fd-4567-83f0-ed5013b14862", "isDeleted:":"true", "version":"1707084489606"}}
{"logTime": "0208/062325", "correlationVector":"xiJnyrnHNyXytmUiblzZ9y.131","action":"GetUpdates", "result":"DeleteReceived", "context":{"id":"71af0b47-fecc-450f-8b5b-bfb54dd0ef0c", "isDeleted:":"true", "version":"1707084489607"}}
{"logTime": "0208/062325", "correlationVector":"xiJnyrnHNyXytmUiblzZ9y.132","action":"GetUpdates", "result":"DeleteReceived", "context":{"id":"f182b7dc-3094-4347-8349-40b8fe2ba540", "isDeleted:":"true", "version":"1707084489608"}}
{"logTime": "0208/062325", "correlationVector":"xiJnyrnHNyXytmUiblzZ9y.133","action":"GetUpdates", "result":"DeleteReceived", "context":{"id":"8a3a9a5e-2646-4ee7-aa0a-e5b557d7e199", "isDeleted:":"true", "version":"1707084611820"}}
{"logTime": "0208/062325", "correlationVector":"xiJnyrnHNyXytmUiblzZ9y.134","action":"GetUpdates", "result":"DeleteReceived", "context":{"id":"7cb4dfaa-4003-4c77-ae30-bdcf9937db07", "isDeleted:":"true", "version":"1707085053013"}}
{"logTime": "0208/062325", "correlationVector":"xiJnyrnHNyXytmUiblzZ9y.135","action":"GetUpdates", "result":"DeleteReceived", "context":{"id":"ddf9a20a-3712-4cbc-8dbd-5da30e57a52a", "isDeleted:":"true", "version":"1707085156176"}}
{"logTime": "0208/062325", "correlationVector":"xiJnyrnHNyXytmUiblzZ9y.136","action":"GetUpdates", "result":"DeleteReceived", "context":{"id":"2f655077-1342-463e-b3f4-a270ca942d2e", "isDeleted:":"true", "version":"1707085194939"}}
{"logTime": "0208/062325", "correlationVector":"xiJnyrnHNyXytmUiblzZ9y.137","action":"GetUpdates", "result":"DeleteReceived", "context":{"id":"99c5a1f1-7af1-46b1-937d-fd85073b2f50", "isDeleted:":"true", "version":"1707085346961"}}
{"logTime": "0208/062325", "correlationVector":"xiJnyrnHNyXytmUiblzZ9y.138","action":"GetUpdates", "result":"DeleteReceived", "context":{"id":"66b72715-d736-416c-b469-ac0c17b2b8bf", "isDeleted:":"true", "version":"1707085566237"}}
{"logTime": "0208/062325", "correlationVector":"xiJnyrnHNyXytmUiblzZ9y.139","action":"GetUpdates", "result":"DeleteReceived", "context":{"id":"f8b38d5e-ab0f-43f4-a419-645d72ddf3a2", "isDeleted:":"true", "version":"1707085635277"}}
{"logTime": "0208/062325", "correlationVector":"xiJnyrnHNyXytmUiblzZ9y.140","action":"GetUpdates", "result":"DeleteReceived", "context":{"id":"a86145cf-cc86-4648-8360-e1096126efb1", "isDeleted:":"true", "version":"1707085830496"}}
{"logTime": "0208/062325", "correlationVector":"xiJnyrnHNyXytmUiblzZ9y.141","action":"GetUpdates", "result":"DeleteReceived", "context":{"id":"89e594f5-bc75-4d7e-bcab-8af17250db33", "isDeleted:":"true", "version":"1707086050836"}}
{"logTime": "0208/062325", "correlationVector":"xiJnyrnHNyXytmUiblzZ9y.142","action":"GetUpdates", "result":"DeleteReceived", "context":{"id":"d558368c-f195-4a3a-adb3-1a076c994656", "isDeleted:":"true", "version":"1707086341213"}}
{"logTime": "0208/062325", "correlationVector":"xiJnyrnHNyXytmUiblzZ9y.143","action":"GetUpdates", "result":"DeleteReceived", "context":{"id":"62deebef-06bf-4609-b0cb-9180e837abed", "isDeleted:":"true", "version":"1707086520297"}}
{"logTime": "0208/062325", "correlationVector":"xiJnyrnHNyXytmUiblzZ9y.144","action":"GetUpdates", "result":"DeleteReceived", "context":{"id":"c5cb838f-9724-4946-80b2-5df17acc10e8", "isDeleted:":"true", "version":"1707086682488"}}
{"logTime": "0208/062325", "correlationVector":"xiJnyrnHNyXytmUiblzZ9y.145","action":"GetUpdates", "result":"DeleteReceived", "context":{"id":"55542841-2c41-477d-b7fd-f4962ecb9d6f", "isDeleted:":"true", "version":"1707087139835"}}
{"logTime": "0208/062325", "correlationVector":"xiJnyrnHNyXytmUiblzZ9y.146","action":"GetUpdates", "result":"DeleteReceived", "context":{"id":"fe073f02-ab57-463f-8edf-7abf71c6b79c", "isDeleted:":"true", "version":"1707091830831"}}
{"logTime": "0208/062325", "correlationVector":"xiJnyrnHNyXytmUiblzZ9y.147","action":"GetUpdates", "result":"DeleteReceived", "context":{"id":"9be78d3b-9b71-42f4-95e2-63a6794bb4f3", "isDeleted:":"true", "version":"1707091885110"}}
{"logTime": "0208/062325", "correlationVector":"xiJnyrnHNyXytmUiblzZ9y.148","action":"GetUpdates", "result":"DeleteReceived", "context":{"id":"1ff2d6b5-d33e-4280-ad4b-9ec6cf83bdba", "isDeleted:":"true", "version":"1707092059936"}}
{"logTime": "0208/062325", "correlationVector":"xiJnyrnHNyXytmUiblzZ9y.149","action":"GetUpdates", "result":"DeleteReceived", "context":{"id":"fc549e29-1cba-4d49-9944-6ef18c063816", "isDeleted:":"true", "version":"1707093429004"}}
{"logTime": "0208/062325", "correlationVector":"xiJnyrnHNyXytmUiblzZ9y.150","action":"GetUpdates", "result":"DeleteReceived", "context":{"id":"6bf533e1-c734-4b5d-8ada-f07a1210f47d", "isDeleted:":"true", "version":"1707093429005"}}
{"logTime": "0208/062325", "correlationVector":"xiJnyrnHNyXytmUiblzZ9y.151","action":"GetUpdates", "result":"DeleteReceived", "context":{"id":"bd10de93-3435-4844-bf5d-df7551bbbb80", "isDeleted:":"true", "version":"1707093429006"}}
{"logTime": "0208/062325", "correlationVector":"xiJnyrnHNyXytmUiblzZ9y.152","action":"GetUpdates", "result":"DeleteReceived", "context":{"id":"30e54533-f6bf-4552-8b63-818132209e21", "isDeleted:":"true", "version":"1707096101131"}}
{"logTime": "0208/062325", "correlationVector":"xiJnyrnHNyXytmUiblzZ9y.153","action":"GetUpdates", "result":"DeleteReceived", "context":{"id":"4e769126-f2c9-4f27-a10d-368872415410", "isDeleted:":"true", "version":"1707096101132"}}
{"logTime": "0208/062325", "correlationVector":"xiJnyrnHNyXytmUiblzZ9y.154","action":"GetUpdates", "result":"DeleteReceived", "context":{"id":"8b6a96f4-5119-4998-9dc2-a1e19550f86c", "isDeleted:":"true", "version":"1707096134066"}}
{"logTime": "0208/062325", "correlationVector":"xiJnyrnHNyXytmUiblzZ9y.155","action":"GetUpdates", "result":"DeleteReceived", "context":{"id":"9a01a732-3604-47b8-93b0-d1151abc7809", "isDeleted:":"true", "version":"1707096134068"}}
{"logTime": "0208/062325", "correlationVector":"xiJnyrnHNyXytmUiblzZ9y.156","action":"GetUpdates", "result":"DeleteReceived", "context":{"id":"5e1699c9-1bc8-48f7-a01c-289700e71f2b", "isDeleted:":"true", "version":"1707112945210"}}
{"logTime": "0208/062325", "correlationVector":"xiJnyrnHNyXytmUiblzZ9y.157","action":"GetUpdates", "result":"DeleteReceived", "context":{"id":"d86a760c-8c57-410d-88ef-353030dbcad0", "isDeleted:":"true", "version":"1707112945211"}}
{"logTime": "0208/062325", "correlationVector":"xiJnyrnHNyXytmUiblzZ9y.158","action":"GetUpdates", "result":"DeleteReceived", "context":{"id":"7367a114-7f53-4205-a90e-5e68638a7b1d", "isDeleted:":"true", "version":"1707112945212"}}
{"logTime": "0208/062325", "correlationVector":"xiJnyrnHNyXytmUiblzZ9y.159","action":"GetUpdates", "result":"DeleteReceived", "context":{"id":"c6c53c98-190a-40d4-8850-0baf7dc2a7e7", "isDeleted:":"true", "version":"1707112945214"}}
{"logTime": "0208/062325", "correlationVector":"xiJnyrnHNyXytmUiblzZ9y.160","action":"GetUpdates", "result":"DeleteReceived", "context":{"id":"f827087a-9184-4e33-b3ee-4026dbfb469a", "isDeleted:":"true", "version":"1707112945217"}}
{"logTime": "0208/062325", "correlationVector":"xiJnyrnHNyXytmUiblzZ9y.161","action":"GetUpdates", "result":"DeleteReceived", "context":{"id":"87f9e8d1-1c48-43d7-a6b6-27d03761adc2", "isDeleted:":"true", "version":"1707112947624"}}
{"logTime": "0208/062325", "correlationVector":"xiJnyrnHNyXytmUiblzZ9y.162","action":"GetUpdates", "result":"DeleteReceived", "context":{"id":"48e267f2-254f-4f87-9140-baeedda6f72d", "isDeleted:":"true", "version":"1707114220195"}}
{"logTime": "0208/062325", "correlationVector":"xiJnyrnHNyXytmUiblzZ9y.163","action":"GetUpdates", "result":"DeleteReceived", "context":{"id":"f10ee348-585e-41d1-b189-06b3bebec3b1", "isDeleted:":"true", "version":"1707114507839"}}
{"logTime": "0208/062325", "correlationVector":"xiJnyrnHNyXytmUiblzZ9y.164","action":"GetUpdates", "result":"DeleteReceived", "context":{"id":"c69fa83b-516d-4d63-add2-29ad648dc49e", "isDeleted:":"true", "version":"1707116037565"}}
{"logTime": "0208/062325", "correlationVector":"xiJnyrnHNyXytmUiblzZ9y.165","action":"GetUpdates", "result":"DeleteReceived", "context":{"id":"ceab166e-b05f-4f35-8b4b-24b279762fd9", "isDeleted:":"true", "version":"1707116151897"}}
{"logTime": "0208/062325", "correlationVector":"xiJnyrnHNyXytmUiblzZ9y.166","action":"GetUpdates", "result":"DeleteReceived", "context":{"id":"83df56b1-fae2-4f8d-8ab0-2c85d97d702a", "isDeleted:":"true", "version":"1707116151899"}}
{"logTime": "0208/062325", "correlationVector":"xiJnyrnHNyXytmUiblzZ9y.167","action":"GetUpdates", "result":"DeleteReceived", "context":{"id":"bd432d3e-88d1-45d2-abaa-132f0ca9d065", "isDeleted:":"true", "version":"1707117368751"}}
{"logTime": "0208/062325", "correlationVector":"xiJnyrnHNyXytmUiblzZ9y.168","action":"GetUpdates", "result":"DeleteReceived", "context":{"id":"fe469545-2cd7-45af-845d-ebcb2f018da2", "isDeleted:":"true", "version":"1707117399212"}}
{"logTime": "0208/062325", "correlationVector":"xiJnyrnHNyXytmUiblzZ9y.169","action":"GetUpdates", "result":"DeleteReceived", "context":{"id":"7beb7399-3bff-4b7e-87f1-80da95abd730", "isDeleted:":"true", "version":"1707117586831"}}
{"logTime": "0208/062325", "correlationVector":"xiJnyrnHNyXytmUiblzZ9y.170","action":"GetUpdates", "result":"DeleteReceived", "context":{"id":"d6e75fd5-05f5-4e92-bd16-717894000a74", "isDeleted:":"true", "version":"1707117809303"}}
{"logTime": "0208/062325", "correlationVector":"xiJnyrnHNyXytmUiblzZ9y.171","action":"GetUpdates", "result":"DeleteReceived", "context":{"id":"a5481ced-732b-460a-b441-5e1beb79c49b", "isDeleted:":"true", "version":"1707117809304"}}
{"logTime": "0208/062325", "correlationVector":"xiJnyrnHNyXytmUiblzZ9y.172","action":"GetUpdates", "result":"DeleteReceived", "context":{"id":"3cbc6fec-8e37-459f-aaab-594e0583f6c2", "isDeleted:":"true", "version":"1707117859851"}}
{"logTime": "0208/062325", "correlationVector":"xiJnyrnHNyXytmUiblzZ9y.173","action":"GetUpdates", "result":"DeleteReceived", "context":{"id":"47435078-afcc-4aec-8513-a64db3418fcc", "isDeleted:":"true", "version":"1707117942561"}}
{"logTime": "0208/062325", "correlationVector":"xiJnyrnHNyXytmUiblzZ9y.174","action":"GetUpdates", "result":"DeleteReceived", "context":{"id":"1f37dc43-c943-40f8-886f-8f66a7fa97fc", "isDeleted:":"true", "version":"1707118902804"}}
{"logTime": "0208/062325", "correlationVector":"xiJnyrnHNyXytmUiblzZ9y.175","action":"GetUpdates", "result":"DeleteReceived", "context":{"id":"00ac1388-242d-4724-9019-4ae07884d6c6", "isDeleted:":"true", "version":"1707118953786"}}
{"logTime": "0208/062325", "correlationVector":"xiJnyrnHNyXytmUiblzZ9y.176","action":"GetUpdates", "result":"DeleteReceived", "context":{"id":"eaefd7b6-fa64-43e0-a1a3-83c407917fb3", "isDeleted:":"true", "version":"1707118997280"}}
{"logTime": "0208/062325", "correlationVector":"xiJnyrnHNyXytmUiblzZ9y.177","action":"GetUpdates", "result":"DeleteReceived", "context":{"id":"17643ec1-26ea-4c72-8b6b-9caba8c8d264", "isDeleted:":"true", "version":"1707119130845"}}
{"logTime": "0208/062325", "correlationVector":"xiJnyrnHNyXytmUiblzZ9y.178","action":"GetUpdates", "result":"DeleteReceived", "context":{"id":"ad465b12-b1e1-4187-8622-9d651471835e", "isDeleted:":"true", "version":"1707121116022"}}
{"logTime": "0208/062325", "correlationVector":"xiJnyrnHNyXytmUiblzZ9y.179","action":"GetUpdates", "result":"DeleteReceived", "context":{"id":"99e2d44b-3478-4a5b-ad94-e46eec513e80", "isDeleted:":"true", "version":"1707121317151"}}
{"logTime": "0208/062325", "correlationVector":"xiJnyrnHNyXytmUiblzZ9y.180","action":"GetUpdates", "result":"DeleteReceived", "context":{"id":"fd5a0b79-2799-4009-8953-f983a8ba4ce8", "isDeleted:":"true", "version":"1707121504767"}}
{"logTime": "0208/062325", "correlationVector":"xiJnyrnHNyXytmUiblzZ9y.181","action":"GetUpdates", "result":"DeleteReceived", "context":{"id":"cd3ef5ce-451f-4743-8922-4ba822dca761", "isDeleted:":"true", "version":"1707121616385"}}
{"logTime": "0208/062325", "correlationVector":"xiJnyrnHNyXytmUiblzZ9y.182","action":"GetUpdates", "result":"DeleteReceived", "context":{"id":"924e9407-3b7c-42c6-b572-ea8585e06e85", "isDeleted:":"true", "version":"1707121616389"}}
{"logTime": "0208/062325", "correlationVector":"xiJnyrnHNyXytmUiblzZ9y.183","action":"GetUpdates", "result":"DeleteReceived", "context":{"id":"fe300c3a-6533-400a-b0f7-ddfae4c2e99a", "isDeleted:":"true", "version":"1707121661707"}}
{"logTime": "0208/062325", "correlationVector":"xiJnyrnHNyXytmUiblzZ9y.184","action":"GetUpdates", "result":"DeleteReceived", "context":{"id":"570eb4aa-3c21-460f-be57-d6d00fd6e4b2", "isDeleted:":"true", "version":"1707121661708"}}
{"logTime": "0208/062325", "correlationVector":"xiJnyrnHNyXytmUiblzZ9y.185","action":"GetUpdates", "result":"DeleteReceived", "context":{"id":"9de83247-beb2-46e1-bedc-5b6ea19533a7", "isDeleted:":"true", "version":"1707121661709"}}
{"logTime": "0208/062325", "correlationVector":"xiJnyrnHNyXytmUiblzZ9y.186","action":"GetUpdates", "result":"DeleteReceived", "context":{"id":"e9db2c8b-0ca4-4f44-8c0c-6a88201b04a9", "isDeleted:":"true", "version":"1707128530960"}}
{"logTime": "0208/062325", "correlationVector":"xiJnyrnHNyXytmUiblzZ9y.187","action":"GetUpdates", "result":"DeleteReceived", "context":{"id":"46b58780-2d28-4fd3-b76a-ee8ec4b454d9", "isDeleted:":"true", "version":"1707128530962"}}
{"logTime": "0208/062325", "correlationVector":"xiJnyrnHNyXytmUiblzZ9y.188","action":"GetUpdates", "result":"DeleteReceived", "context":{"id":"8f913ea6-d87f-442c-85fa-7e70864cde9f", "isDeleted:":"true", "version":"1707128530964"}}
{"logTime": "0208/062325", "correlationVector":"xiJnyrnHNyXytmUiblzZ9y.189","action":"GetUpdates", "result":"DeleteReceived", "context":{"id":"90bb362f-2bc3-41fc-a539-29e2a3503fd0", "isDeleted:":"true", "version":"1707128979395"}}
{"logTime": "0208/062325", "correlationVector":"xiJnyrnHNyXytmUiblzZ9y.190","action":"GetUpdates", "result":"DeleteReceived", "context":{"id":"20321841-eba9-4530-a3cf-698725d3f0d2", "isDeleted:":"true", "version":"1707129067252"}}
{"logTime": "0208/062325", "correlationVector":"xiJnyrnHNyXytmUiblzZ9y.191","action":"GetUpdates", "result":"DeleteReceived", "context":{"id":"3bbb9aa9-1bc7-4ba0-abfa-55766d3347a1", "isDeleted:":"true", "version":"1707129371444"}}
{"logTime": "0208/062325", "correlationVector":"xiJnyrnHNyXytmUiblzZ9y.192","action":"GetUpdates", "result":"DeleteReceived", "context":{"id":"e6131181-37a9-4a8c-bd7b-ff8562b106c3", "isDeleted:":"true", "version":"1707130664511"}}
{"logTime": "0208/062325", "correlationVector":"xiJnyrnHNyXytmUiblzZ9y.193","action":"GetUpdates", "result":"DeleteReceived", "context":{"id":"8999df3b-31fa-4221-ad98-febf105542eb", "isDeleted:":"true", "version":"1707130947472"}}
{"logTime": "0208/062325", "correlationVector":"xiJnyrnHNyXytmUiblzZ9y.194","action":"GetUpdates", "result":"DeleteReceived", "context":{"id":"14cf1dfe-5680-4d72-8073-9d4129c305cb", "isDeleted:":"true", "version":"1707131243227"}}
{"logTime": "0208/062325", "correlationVector":"xiJnyrnHNyXytmUiblzZ9y.195","action":"GetUpdates", "result":"DeleteReceived", "context":{"id":"bc5fd6ff-1307-4f40-a433-e17f6bf48e54", "isDeleted:":"true", "version":"1707131243230"}}
{"logTime": "0208/062325", "correlationVector":"xiJnyrnHNyXytmUiblzZ9y.196","action":"GetUpdates", "result":"DeleteReceived", "context":{"id":"d5735c15-0d08-41b5-b6e6-9fa4856fc1ee", "isDeleted:":"true", "version":"1707131275024"}}
{"logTime": "0208/062325", "correlationVector":"xiJnyrnHNyXytmUiblzZ9y.197","action":"GetUpdates", "result":"DeleteReceived", "context":{"id":"0fc19782-7603-4afd-a6f8-a5af76366b4e", "isDeleted:":"true", "version":"1707132919622"}}
{"logTime": "0208/062325", "correlationVector":"xiJnyrnHNyXytmUiblzZ9y.198","action":"GetUpdates", "result":"DeleteReceived", "context":{"id":"7a161d1e-2378-4bbc-952d-ec30d2a519d0", "isDeleted:":"true", "version":"1707134876928"}}
{"logTime": "0208/062325", "correlationVector":"xiJnyrnHNyXytmUiblzZ9y.199","action":"GetUpdates", "result":"DeleteReceived", "context":{"id":"6c3cd512-8f60-4a0d-a2cf-02dccaef75ed", "isDeleted:":"true", "version":"1707137667358"}}
{"logTime": "0208/062325", "correlationVector":"xiJnyrnHNyXytmUiblzZ9y.200","action":"GetUpdates", "result":"DeleteReceived", "context":{"id":"f132eec1-2652-4a4a-a78a-c8d5cef87206", "isDeleted:":"true", "version":"1707138812525"}}
{"logTime": "0208/062325", "correlationVector":"xiJnyrnHNyXytmUiblzZ9y.201","action":"GetUpdates", "result":"DeleteReceived", "context":{"id":"ad025ed2-adce-49e6-8c41-5044fae3995b", "isDeleted:":"true", "version":"1707139518979"}}
{"logTime": "0208/062325", "correlationVector":"xiJnyrnHNyXytmUiblzZ9y.202","action":"GetUpdates", "result":"DeleteReceived", "context":{"id":"b2d00c6d-65cf-4a6b-8624-ce2b7e41e8a4", "isDeleted:":"true", "version":"1707139518980"}}
{"logTime": "0208/062325", "correlationVector":"xiJnyrnHNyXytmUiblzZ9y.203","action":"GetUpdates", "result":"DeleteReceived", "context":{"id":"897263bb-cb0c-42fd-829c-ed6143b2cca6", "isDeleted:":"true", "version":"1707142480610"}}
{"logTime": "0208/062325", "correlationVector":"xiJnyrnHNyXytmUiblzZ9y.204","action":"GetUpdates", "result":"DeleteReceived", "context":{"id":"733462ab-e0d0-4ade-ad4f-faf6a54c0a9a", "isDeleted:":"true", "version":"1707142594091"}}
{"logTime": "0208/062325", "correlationVector":"xiJnyrnHNyXytmUiblzZ9y.205","action":"GetUpdates", "result":"DeleteReceived", "context":{"id":"3c09e6d6-5f94-4920-afe9-e9e974262cae", "isDeleted:":"true", "version":"1707153405673"}}
{"logTime": "0208/062325", "correlationVector":"xiJnyrnHNyXytmUiblzZ9y.206","action":"GetUpdates", "result":"DeleteReceived", "context":{"id":"4288fcfe-c1b6-4afc-b4ec-6091a3158f0c", "isDeleted:":"true", "version":"1707153405675"}}
{"logTime": "0208/062325", "correlationVector":"xiJnyrnHNyXytmUiblzZ9y.207","action":"GetUpdates", "result":"DeleteReceived", "context":{"id":"ea828cb6-7a51-42a5-9375-130a59ae7cac", "isDeleted:":"true", "version":"1707155313298"}}
{"logTime": "0208/062325", "correlationVector":"xiJnyrnHNyXytmUiblzZ9y.208","action":"GetUpdates", "result":"DeleteReceived", "context":{"id":"6b75fd36-9141-4b88-92ab-6ff3dddcb45c", "isDeleted:":"true", "version":"1707155313300"}}
{"logTime": "0208/062325", "correlationVector":"xiJnyrnHNyXytmUiblzZ9y.209","action":"GetUpdates", "result":"DeleteReceived", "context":{"id":"a0392279-17ca-4523-967e-89024e1ffef8", "isDeleted:":"true", "version":"1707155690391"}}
{"logTime": "0208/062325", "correlationVector":"xiJnyrnHNyXytmUiblzZ9y.210","action":"GetUpdates", "result":"DeleteReceived", "context":{"id":"5e6a1bf6-0087-4671-9455-675622fa8d74", "isDeleted:":"true", "version":"1707156479466"}}
{"logTime": "0208/062325", "correlationVector":"xiJnyrnHNyXytmUiblzZ9y.211","action":"GetUpdates", "result":"DeleteReceived", "context":{"id":"cdf87845-ce73-47de-b92e-1c04aa70670d", "isDeleted:":"true", "version":"1707156479469"}}
{"logTime": "0208/062325", "correlationVector":"xiJnyrnHNyXytmUiblzZ9y.212","action":"GetUpdates", "result":"DeleteReceived", "context":{"id":"8172dbb2-9aae-4359-a2bd-f46164374bbc", "isDeleted:":"true", "version":"1707156479470"}}
{"logTime": "0208/062325", "correlationVector":"xiJnyrnHNyXytmUiblzZ9y.213","action":"GetUpdates", "result":"DeleteReceived", "context":{"id":"df5fa437-7868-4987-a22f-6af9cee53c7f", "isDeleted:":"true", "version":"1707156479471"}}
{"logTime": "0208/062326", "correlationVector":"xiJnyrnHNyXytmUiblzZ9y.214","action":"GetUpdates", "result":"DeleteReceived", "context":{"id":"dafe87bc-8e7d-4872-afeb-f50a17245cdc", "isDeleted:":"true", "version":"1707156681823"}}
{"logTime": "0208/062326", "correlationVector":"xiJnyrnHNyXytmUiblzZ9y.215","action":"GetUpdates", "result":"DeleteReceived", "context":{"id":"e6d4904d-1707-425e-ac13-14e486e7bbf3", "isDeleted:":"true", "version":"1707156762650"}}
{"logTime": "0208/062326", "correlationVector":"xiJnyrnHNyXytmUiblzZ9y.216","action":"GetUpdates", "result":"DeleteReceived", "context":{"id":"12a255d7-3ee7-4406-b5a4-66d372fdbf80", "isDeleted:":"true", "version":"1707156762652"}}
{"logTime": "0208/062326", "correlationVector":"xiJnyrnHNyXytmUiblzZ9y.217","action":"GetUpdates", "result":"DeleteReceived", "context":{"id":"ce52f44e-9364-4892-9f19-a5791ad94345", "isDeleted:":"true", "version":"1707156831433"}}
{"logTime": "0208/062326", "correlationVector":"xiJnyrnHNyXytmUiblzZ9y.218","action":"GetUpdates", "result":"DeleteReceived", "context":{"id":"88bfa2a5-05cc-4db2-964e-f53f44752c76", "isDeleted:":"true", "version":"1707156886160"}}
{"logTime": "0208/062326", "correlationVector":"xiJnyrnHNyXytmUiblzZ9y.219","action":"GetUpdates", "result":"DeleteReceived", "context":{"id":"8bd727c5-4ec7-4906-ab13-c69cc5356d7c", "isDeleted:":"true", "version":"1707157418762"}}
{"logTime": "0208/062326", "correlationVector":"xiJnyrnHNyXytmUiblzZ9y.220","action":"GetUpdates", "result":"DeleteReceived", "context":{"id":"d6dcf724-5257-4bd9-b2e5-427c8df8f73d", "isDeleted:":"true", "version":"1707157881926"}}
{"logTime": "0208/062326", "correlationVector":"xiJnyrnHNyXytmUiblzZ9y.221","action":"GetUpdates", "result":"DeleteReceived", "context":{"id":"27ba42b7-5299-43db-9d86-61d8e73525c0", "isDeleted:":"true", "version":"1707157919595"}}
{"logTime": "0208/062326", "correlationVector":"xiJnyrnHNyXytmUiblzZ9y.222","action":"GetUpdates", "result":"DeleteReceived", "context":{"id":"c50a37ca-c852-48ce-919f-1227717f4907", "isDeleted:":"true", "version":"1707158106093"}}
{"logTime": "0208/062326", "correlationVector":"xiJnyrnHNyXytmUiblzZ9y.223","action":"GetUpdates", "result":"DeleteReceived", "context":{"id":"44e35698-2176-4d5a-bff2-a9fe24c75f00", "isDeleted:":"true", "version":"1707158830909"}}
{"logTime": "0208/062326", "correlationVector":"xiJnyrnHNyXytmUiblzZ9y.224","action":"GetUpdates", "result":"DeleteReceived", "context":{"id":"f6cbb1f8-d522-4bb3-b4a3-11b5903aded2", "isDeleted:":"true", "version":"1707158861423"}}
{"logTime": "0208/062326", "correlationVector":"xiJnyrnHNyXytmUiblzZ9y.225","action":"GetUpdates", "result":"DeleteReceived", "context":{"id":"b2bc89a4-ec68-430f-8bbc-7b94e568e5bf", "isDeleted:":"true", "version":"1707158914689"}}
{"logTime": "0208/062326", "correlationVector":"xiJnyrnHNyXytmUiblzZ9y.226","action":"GetUpdates", "result":"DeleteReceived", "context":{"id":"a8dfd5af-f450-4b51-98b2-a70c7c9fe66d", "isDeleted:":"true", "version":"1707160295786"}}
{"logTime": "0208/062326", "correlationVector":"xiJnyrnHNyXytmUiblzZ9y.227","action":"GetUpdates", "result":"DeleteReceived", "context":{"id":"9ab914cf-c8e4-493f-af3f-299864a73719", "isDeleted:":"true", "version":"1707160295789"}}
{"logTime": "0208/062326", "correlationVector":"xiJnyrnHNyXytmUiblzZ9y.228","action":"GetUpdates", "result":"DeleteReceived", "context":{"id":"50fd2524-1a8c-4b30-ad13-1329c449e0c4", "isDeleted:":"true", "version":"1707160526858"}}
{"logTime": "0208/062326", "correlationVector":"xiJnyrnHNyXytmUiblzZ9y.229","action":"GetUpdates", "result":"DeleteReceived", "context":{"id":"333ed48a-90cf-4068-b862-7d641384bb16", "isDeleted:":"true", "version":"1707162315254"}}
{"logTime": "0208/062326", "correlationVector":"xiJnyrnHNyXytmUiblzZ9y.230","action":"GetUpdates Response", "result":"SERVER_MORE_TO_DOWNLOAD", "context":Received 250 update(s).  Some updates remain.}
{"logTime": "0208/062326", "correlationVector":"z6+Ja2mA9mFrhLqV8bAfTn","action":"Normal GetUpdate request", "result":"", "context":cV=z6+Ja2mA9mFrhLqV8bAfTn
Nudged types: Preferences, Sessions, Device Info
Refresh requested types: Bookmarks, Preferences, Passwords, Autofill Profiles, Autofill, Autofill Custom Data, Typed URLs, Extensions, Sessions, Extension settings, History Delete Directives, Device Info, User Consents, Send Tab To Self, Web Apps, Collection, Edge E Drop, Edge Hub App Usage, Edge Wallet, Encryption Keys}
{"logTime": "0208/062326", "correlationVector":"z6+Ja2mA9mFrhLqV8bAfTn.1","action":"SyncServerConnectionManagerRequest", "result":"SYNC_SERVER_OK", "context":{"environment":"Prod_SoutheastAsia_000j", "migrationStage":"NotStarted", "server":"GENERAL0100001H"}}
{"logTime": "0208/062326", "correlationVector":"z6+Ja2mA9mFrhLqV8bAfTn.2","action":"GetUpdates", "result":"DeleteReceived", "context":{"id":"ecbda95f-5861-43a9-8d7c-8fa533b22367", "isDeleted:":"true", "version":"1707162488961"}}
{"logTime": "0208/062326", "correlationVector":"z6+Ja2mA9mFrhLqV8bAfTn.3","action":"GetUpdates", "result":"DeleteReceived", "context":{"id":"c7cf7f1d-b32a-4272-831c-ea288ae58672", "isDeleted:":"true", "version":"1707163106138"}}
{"logTime": "0208/062326", "correlationVector":"z6+Ja2mA9mFrhLqV8bAfTn.4","action":"GetUpdates", "result":"DeleteReceived", "context":{"id":"4e2cd375-528a-428a-ae01-2369ac1989ee", "isDeleted:":"true", "version":"1707163381618"}}
{"logTime": "0208/062326", "correlationVector":"z6+Ja2mA9mFrhLqV8bAfTn.5","action":"GetUpdates", "result":"DeleteReceived", "context":{"id":"baf46438-2b30-406d-a2d3-f90cb1d21c78", "isDeleted:":"true", "version":"1707163416657"}}
{"logTime": "0208/062326", "correlationVector":"z6+Ja2mA9mFrhLqV8bAfTn.6","action":"GetUpdates", "result":"DeleteReceived", "context":{"id":"0f2b063d-7a13-4424-bcec-d5519a142267", "isDeleted:":"true", "version":"1707163450626"}}
{"logTime": "0208/062326", "correlationVector":"z6+Ja2mA9mFrhLqV8bAfTn.7","action":"GetUpdates", "result":"DeleteReceived", "context":{"id":"0656f680-6f8f-4d27-b5d3-7e9eb6e144f8", "isDeleted:":"true", "version":"1707163980433"}}
{"logTime": "0208/062326", "correlationVector":"z6+Ja2mA9mFrhLqV8bAfTn.8","action":"GetUpdates", "result":"DeleteReceived", "context":{"id":"bc760298-3b24-42b7-b9e9-5c887307ea9c", "isDeleted:":"true", "version":"1707164497348"}}
{"logTime": "0208/062326", "correlationVector":"z6+Ja2mA9mFrhLqV8bAfTn.9","action":"GetUpdates", "result":"DeleteReceived", "context":{"id":"f973fb7f-15fe-4599-8e6d-632f6859132b", "isDeleted:":"true", "version":"1707185104582"}}
{"logTime": "0208/062326", "correlationVector":"z6+Ja2mA9mFrhLqV8bAfTn.10","action":"GetUpdates", "result":"DeleteReceived", "context":{"id":"a6d0e015-3e9c-442b-b7d8-0914e9fb1fca", "isDeleted:":"true", "version":"1707185104583"}}
{"logTime": "0208/062326", "correlationVector":"z6+Ja2mA9mFrhLqV8bAfTn.11","action":"GetUpdates", "result":"DeleteReceived", "context":{"id":"eb1706a9-6abf-4a26-b8ff-ec03c37e8e25", "isDeleted:":"true", "version":"1707185104585"}}
{"logTime": "0208/062326", "correlationVector":"z6+Ja2mA9mFrhLqV8bAfTn.12","action":"GetUpdates", "result":"DeleteReceived", "context":{"id":"ab6801df-434f-42e6-92f5-be85c6834ca2", "isDeleted:":"true", "version":"1707185104586"}}
{"logTime": "0208/062326", "correlationVector":"z6+Ja2mA9mFrhLqV8bAfTn.13","action":"GetUpdates", "result":"DeleteReceived", "context":{"id":"aacc17cb-98bc-490a-8739-f54b75168c18", "isDeleted:":"true", "version":"1707185432367"}}
{"logTime": "0208/062326", "correlationVector":"z6+Ja2mA9mFrhLqV8bAfTn.14","action":"GetUpdates", "result":"DeleteReceived", "context":{"id":"24492503-5017-4c39-acb3-10388b91b088", "isDeleted:":"true", "version":"1707185495474"}}
{"logTime": "0208/062326", "correlationVector":"z6+Ja2mA9mFrhLqV8bAfTn.15","action":"GetUpdates", "result":"DeleteReceived", "context":{"id":"6192f183-0886-49a4-b800-e5e87b4e3433", "isDeleted:":"true", "version":"1707185562489"}}
{"logTime": "0208/062326", "correlationVector":"z6+Ja2mA9mFrhLqV8bAfTn.16","action":"GetUpdates", "result":"DeleteReceived", "context":{"id":"83eb4fa6-c96e-41e4-9d1a-c07d32b667c3", "isDeleted:":"true", "version":"1707186278782"}}
{"logTime": "0208/062326", "correlationVector":"z6+Ja2mA9mFrhLqV8bAfTn.17","action":"GetUpdates", "result":"DeleteReceived", "context":{"id":"d151f59d-afe1-4cf6-89bd-599f5d604094", "isDeleted:":"true", "version":"1707186278783"}}
{"logTime": "0208/062326", "correlationVector":"z6+Ja2mA9mFrhLqV8bAfTn.18","action":"GetUpdates", "result":"DeleteReceived", "context":{"id":"a2db63dc-ace6-4f19-bd5a-199f3577ec49", "isDeleted:":"true", "version":"1707186314028"}}
{"logTime": "0208/062326", "correlationVector":"z6+Ja2mA9mFrhLqV8bAfTn.19","action":"GetUpdates", "result":"DeleteReceived", "context":{"id":"6638be2b-fd86-41b8-8e35-12d690c471f4", "isDeleted:":"true", "version":"1707188217134"}}
{"logTime": "0208/062326", "correlationVector":"z6+Ja2mA9mFrhLqV8bAfTn.20","action":"GetUpdates", "result":"DeleteReceived", "context":{"id":"142d1aaf-5680-473f-aaa1-7232de25feb8", "isDeleted:":"true", "version":"1707188217136"}}
{"logTime": "0208/062326", "correlationVector":"z6+Ja2mA9mFrhLqV8bAfTn.21","action":"GetUpdates", "result":"DeleteReceived", "context":{"id":"b7c3a80d-3878-46c8-ad58-b66c04833e15", "isDeleted:":"true", "version":"1707188217138"}}
{"logTime": "0208/062326", "correlationVector":"z6+Ja2mA9mFrhLqV8bAfTn.22","action":"GetUpdates", "result":"DeleteReceived", "context":{"id":"6888f2d6-1b03-48bf-bd5d-44534ec2d12f", "isDeleted:":"true", "version":"1707188217139"}}
{"logTime": "0208/062326", "correlationVector":"z6+Ja2mA9mFrhLqV8bAfTn.23","action":"GetUpdates", "result":"DeleteReceived", "context":{"id":"2b34d3c6-5734-42c5-9ed4-d9d64b5e7c92", "isDeleted:":"true", "version":"1707188217140"}}
{"logTime": "0208/062326", "correlationVector":"z6+Ja2mA9mFrhLqV8bAfTn.24","action":"GetUpdates", "result":"DeleteReceived", "context":{"id":"28345725-6538-4aa6-9038-9dd03a2045d1", "isDeleted:":"true", "version":"1707188217142"}}
{"logTime": "0208/062326", "correlationVector":"z6+Ja2mA9mFrhLqV8bAfTn.25","action":"GetUpdates", "result":"DeleteReceived", "context":{"id":"492fb55b-b707-47f5-a157-015a4c1ce02f", "isDeleted:":"true", "version":"1707188217144"}}
{"logTime": "0208/062326", "correlationVector":"z6+Ja2mA9mFrhLqV8bAfTn.26","action":"GetUpdates", "result":"DeleteReceived", "context":{"id":"9ada8336-87c8-4694-9c46-25fa353b991e", "isDeleted:":"true", "version":"1707188217145"}}
{"logTime": "0208/062326", "correlationVector":"z6+Ja2mA9mFrhLqV8bAfTn.27","action":"GetUpdates", "result":"DeleteReceived", "context":{"id":"41a4056a-cdd2-4ee1-8d25-0b1c8e09fb89", "isDeleted:":"true", "version":"1707188366013"}}
{"logTime": "0208/062326", "correlationVector":"z6+Ja2mA9mFrhLqV8bAfTn.28","action":"GetUpdates", "result":"DeleteReceived", "context":{"id":"407ba1ac-a762-4235-9574-47405a5dd8cc", "isDeleted:":"true", "version":"1707188414473"}}
{"logTime": "0208/062326", "correlationVector":"z6+Ja2mA9mFrhLqV8bAfTn.29","action":"GetUpdates", "result":"DeleteReceived", "context":{"id":"c3c7202f-3b1d-44b3-8486-e1278422daca", "isDeleted:":"true", "version":"1707191143887"}}
{"logTime": "0208/062326", "correlationVector":"z6+Ja2mA9mFrhLqV8bAfTn.30","action":"GetUpdates", "result":"DeleteReceived", "context":{"id":"ad41e34b-59a8-4803-bad4-c3329a7f9aae", "isDeleted:":"true", "version":"1707191274724"}}
{"logTime": "0208/062326", "correlationVector":"z6+Ja2mA9mFrhLqV8bAfTn.31","action":"GetUpdates", "result":"DeleteReceived", "context":{"id":"383e36a3-6e92-440e-b9e8-44b9a2cb1da1", "isDeleted:":"true", "version":"1707191274725"}}
{"logTime": "0208/062326", "correlationVector":"z6+Ja2mA9mFrhLqV8bAfTn.32","action":"GetUpdates", "result":"DeleteReceived", "context":{"id":"e45c120e-e7cc-4ae9-87b5-bce11044dcac", "isDeleted:":"true", "version":"1707191274726"}}
{"logTime": "0208/062326", "correlationVector":"z6+Ja2mA9mFrhLqV8bAfTn.33","action":"GetUpdates", "result":"DeleteReceived", "context":{"id":"b8cb9ac9-e90e-414d-a88a-3f905513b729", "isDeleted:":"true", "version":"1707191274728"}}
{"logTime": "0208/062326", "correlationVector":"z6+Ja2mA9mFrhLqV8bAfTn.34","action":"GetUpdates", "result":"DeleteReceived", "context":{"id":"8443a5b4-7460-4c05-990f-ee373eebbdac", "isDeleted:":"true", "version":"1707192025559"}}
{"logTime": "0208/062326", "correlationVector":"z6+Ja2mA9mFrhLqV8bAfTn.35","action":"GetUpdates", "result":"DeleteReceived", "context":{"id":"fbf238d6-732c-4bab-91d6-9588a3e05b22", "isDeleted:":"true", "version":"1707192768431"}}
{"logTime": "0208/062326", "correlationVector":"z6+Ja2mA9mFrhLqV8bAfTn.36","action":"GetUpdates", "result":"DeleteReceived", "context":{"id":"a397cdaf-e93e-4dab-9c22-c65982b52edd", "isDeleted:":"true", "version":"1707194161501"}}
{"logTime": "0208/062326", "correlationVector":"z6+Ja2mA9mFrhLqV8bAfTn.37","action":"GetUpdates", "result":"DeleteReceived", "context":{"id":"3118fe67-41a4-497a-9d0d-13350b910ba3", "isDeleted:":"true", "version":"1707197220664"}}
{"logTime": "0208/062326", "correlationVector":"z6+Ja2mA9mFrhLqV8bAfTn.38","action":"GetUpdates", "result":"DeleteReceived", "context":{"id":"5eb13c7f-381d-4226-9ebf-5ab43015c383", "isDeleted:":"true", "version":"1707202149975"}}
{"logTime": "0208/062326", "correlationVector":"z6+Ja2mA9mFrhLqV8bAfTn.39","action":"GetUpdates", "result":"DeleteReceived", "context":{"id":"569af2c0-5c13-4731-ae52-2a5a7cde21d4", "isDeleted:":"true", "version":"1707202149977"}}
{"logTime": "0208/062326", "correlationVector":"z6+Ja2mA9mFrhLqV8bAfTn.40","action":"GetUpdates", "result":"DeleteReceived", "context":{"id":"55a402d0-262a-4955-9c00-72cf29e3a000", "isDeleted:":"true", "version":"1707202211415"}}
{"logTime": "0208/062326", "correlationVector":"z6+Ja2mA9mFrhLqV8bAfTn.41","action":"GetUpdates", "result":"DeleteReceived", "context":{"id":"7ed001f3-6989-4cfd-a4d8-e94668b70438", "isDeleted:":"true", "version":"1707203055394"}}
{"logTime": "0208/062326", "correlationVector":"z6+Ja2mA9mFrhLqV8bAfTn.42","action":"GetUpdates", "result":"DeleteReceived", "context":{"id":"2c4cafd1-1535-46b1-b8b3-eb2d30e9b759", "isDeleted:":"true", "version":"1707203282257"}}
{"logTime": "0208/062326", "correlationVector":"z6+Ja2mA9mFrhLqV8bAfTn.43","action":"GetUpdates", "result":"DeleteReceived", "context":{"id":"15c48b6b-7f3e-4ab7-8856-d25cfb53e65f", "isDeleted:":"true", "version":"1707203282258"}}
{"logTime": "0208/062326", "correlationVector":"z6+Ja2mA9mFrhLqV8bAfTn.44","action":"GetUpdates", "result":"DeleteReceived", "context":{"id":"eeea3859-7f98-4b36-b707-89871028427b", "isDeleted:":"true", "version":"1707203282259"}}
{"logTime": "0208/062326", "correlationVector":"z6+Ja2mA9mFrhLqV8bAfTn.45","action":"GetUpdates", "result":"DeleteReceived", "context":{"id":"1198b253-8ec3-4c44-b741-9e5d14e9a957", "isDeleted:":"true", "version":"1707203282260"}}
{"logTime": "0208/062326", "correlationVector":"z6+Ja2mA9mFrhLqV8bAfTn.46","action":"GetUpdates", "result":"DeleteReceived", "context":{"id":"76210246-2ad0-4f4a-ba84-4869d27b4343", "isDeleted:":"true", "version":"1707203282261"}}
{"logTime": "0208/062326", "correlationVector":"z6+Ja2mA9mFrhLqV8bAfTn.47","action":"GetUpdates", "result":"DeleteReceived", "context":{"id":"deb2db1f-eced-48bb-90e0-ca6765b61fdb", "isDeleted:":"true", "version":"1707203282262"}}
{"logTime": "0208/062326", "correlationVector":"z6+Ja2mA9mFrhLqV8bAfTn.48","action":"GetUpdates", "result":"DeleteReceived", "context":{"id":"a0fb9f75-21af-45d8-9849-d388a93c8774", "isDeleted:":"true", "version":"1707203282263"}}
{"logTime": "0208/062326", "correlationVector":"z6+Ja2mA9mFrhLqV8bAfTn.49","action":"GetUpdates", "result":"DeleteReceived", "context":{"id":"4442a643-7820-4a16-9c44-7865d5ce241b", "isDeleted:":"true", "version":"1707203282267"}}
{"logTime": "0208/062326", "correlationVector":"z6+Ja2mA9mFrhLqV8bAfTn.50","action":"GetUpdates", "result":"DeleteReceived", "context":{"id":"44196d94-c2b7-4694-ad7f-f1fa69864735", "isDeleted:":"true", "version":"1707203282268"}}
{"logTime": "0208/062326", "correlationVector":"z6+Ja2mA9mFrhLqV8bAfTn.51","action":"GetUpdates", "result":"DeleteReceived", "context":{"id":"357167b1-dd55-41f2-be00-71be3fc5d593", "isDeleted:":"true", "version":"1707203346044"}}
{"logTime": "0208/062326", "correlationVector":"z6+Ja2mA9mFrhLqV8bAfTn.52","action":"GetUpdates", "result":"DeleteReceived", "context":{"id":"9882a9ec-2c50-454f-bac2-586f4b7b91ba", "isDeleted:":"true", "version":"1707203346045"}}
{"logTime": "0208/062326", "correlationVector":"z6+Ja2mA9mFrhLqV8bAfTn.53","action":"GetUpdates", "result":"DeleteReceived", "context":{"id":"c44d2676-4623-45e7-a39d-8d64880d0605", "isDeleted:":"true", "version":"1707203807218"}}
{"logTime": "0208/062326", "correlationVector":"z6+Ja2mA9mFrhLqV8bAfTn.54","action":"GetUpdates", "result":"DeleteReceived", "context":{"id":"122e5562-6ce4-435e-8a71-d24aeeb27a35", "isDeleted:":"true", "version":"1707205381378"}}
{"logTime": "0208/062326", "correlationVector":"z6+Ja2mA9mFrhLqV8bAfTn.55","action":"GetUpdates", "result":"DeleteReceived", "context":{"id":"f34e2d43-c9ad-4671-8ed2-20529a6e1fc8", "isDeleted:":"true", "version":"1707205381379"}}
{"logTime": "0208/062326", "correlationVector":"z6+Ja2mA9mFrhLqV8bAfTn.56","action":"GetUpdates", "result":"DeleteReceived", "context":{"id":"9db7855d-d7a4-420d-b5ce-3370b992b696", "isDeleted:":"true", "version":"1707205381381"}}
{"logTime": "0208/062326", "correlationVector":"z6+Ja2mA9mFrhLqV8bAfTn.57","action":"GetUpdates", "result":"DeleteReceived", "context":{"id":"82876bd4-a917-4952-b3b9-bc164ab2e7c3", "isDeleted:":"true", "version":"1707205381382"}}
{"logTime": "0208/062326", "correlationVector":"z6+Ja2mA9mFrhLqV8bAfTn.58","action":"GetUpdates", "result":"DeleteReceived", "context":{"id":"d47c59f3-8998-4216-8e63-114181860a83", "isDeleted:":"true", "version":"1707205381383"}}
{"logTime": "0208/062326", "correlationVector":"z6+Ja2mA9mFrhLqV8bAfTn.59","action":"GetUpdates", "result":"DeleteReceived", "context":{"id":"97203f16-0807-4196-9de4-0be170504e9b", "isDeleted:":"true", "version":"1707205381385"}}
{"logTime": "0208/062326", "correlationVector":"z6+Ja2mA9mFrhLqV8bAfTn.60","action":"GetUpdates", "result":"DeleteReceived", "context":{"id":"ebb3ce3c-0831-4c89-9023-977fc1bccbc1", "isDeleted:":"true", "version":"1707205381386"}}
{"logTime": "0208/062326", "correlationVector":"z6+Ja2mA9mFrhLqV8bAfTn.61","action":"GetUpdates", "result":"DeleteReceived", "context":{"id":"d09aefe4-e861-4284-aa49-f2f28c1de684", "isDeleted:":"true", "version":"1707205450433"}}
{"logTime": "0208/062326", "correlationVector":"z6+Ja2mA9mFrhLqV8bAfTn.62","action":"GetUpdates", "result":"DeleteReceived", "context":{"id":"c0733d8a-80e5-4e14-aa01-1620f0fafbaa", "isDeleted:":"true", "version":"1707206596590"}}
{"logTime": "0208/062326", "correlationVector":"z6+Ja2mA9mFrhLqV8bAfTn.63","action":"GetUpdates", "result":"DeleteReceived", "context":{"id":"939dd3c5-2c22-4f85-a627-eb268b756678", "isDeleted:":"true", "version":"1707212641236"}}
{"logTime": "0208/062326", "correlationVector":"z6+Ja2mA9mFrhLqV8bAfTn.64","action":"GetUpdates", "result":"DeleteReceived", "context":{"id":"cdb8b627-bb2d-4ca1-bbbf-eedb513a5762", "isDeleted:":"true", "version":"1707212641239"}}
{"logTime": "0208/062326", "correlationVector":"z6+Ja2mA9mFrhLqV8bAfTn.65","action":"GetUpdates", "result":"DeleteReceived", "context":{"id":"7c03259c-826a-4246-b149-ae6e39088633", "isDeleted:":"true", "version":"1707212641241"}}
{"logTime": "0208/062326", "correlationVector":"z6+Ja2mA9mFrhLqV8bAfTn.66","action":"GetUpdates", "result":"DeleteReceived", "context":{"id":"354e232c-ef2c-4bbb-a7f5-fb6713a87069", "isDeleted:":"true", "version":"1707212641242"}}
{"logTime": "0208/062326", "correlationVector":"z6+Ja2mA9mFrhLqV8bAfTn.67","action":"GetUpdates", "result":"DeleteReceived", "context":{"id":"9a9f2a85-dc51-4a87-9e48-503067274f15", "isDeleted:":"true", "version":"1707212641243"}}
{"logTime": "0208/062326", "correlationVector":"z6+Ja2mA9mFrhLqV8bAfTn.68","action":"GetUpdates", "result":"DeleteReceived", "context":{"id":"a43f61d4-2eb0-412d-8eee-d65b8a3198cf", "isDeleted:":"true", "version":"1707212641244"}}
{"logTime": "0208/062326", "correlationVector":"z6+Ja2mA9mFrhLqV8bAfTn.69","action":"GetUpdates", "result":"DeleteReceived", "context":{"id":"86d26917-dd3a-42f0-abd1-e73d1ffbb5dc", "isDeleted:":"true", "version":"1707214492908"}}
{"logTime": "0208/062326", "correlationVector":"z6+Ja2mA9mFrhLqV8bAfTn.70","action":"GetUpdates", "result":"DeleteReceived", "context":{"id":"272c9576-ebab-4cce-9e1a-49cb085698c6", "isDeleted:":"true", "version":"1707230302092"}}
{"logTime": "0208/062326", "correlationVector":"z6+Ja2mA9mFrhLqV8bAfTn.71","action":"GetUpdates", "result":"DeleteReceived", "context":{"id":"b5384144-5001-4712-86d8-70a9d971c8d1", "isDeleted:":"true", "version":"1707230619736"}}
{"logTime": "0208/062326", "correlationVector":"z6+Ja2mA9mFrhLqV8bAfTn.72","action":"GetUpdates", "result":"DeleteReceived", "context":{"id":"eea96b5f-6978-4328-be19-c2248b75217f", "isDeleted:":"true", "version":"1707231122901"}}
{"logTime": "0208/062326", "correlationVector":"z6+Ja2mA9mFrhLqV8bAfTn.73","action":"GetUpdates", "result":"DeleteReceived", "context":{"id":"7c30611b-f49d-4c11-9b71-1e832338b796", "isDeleted:":"true", "version":"1707231348711"}}
{"logTime": "0208/062326", "correlationVector":"z6+Ja2mA9mFrhLqV8bAfTn.74","action":"GetUpdates", "result":"DeleteReceived", "context":{"id":"9563d105-2a9b-46fd-8c1d-7974eabdcc35", "isDeleted:":"true", "version":"1707231912706"}}
{"logTime": "0208/062326", "correlationVector":"z6+Ja2mA9mFrhLqV8bAfTn.75","action":"GetUpdates", "result":"DeleteReceived", "context":{"id":"df0cab42-da5e-4d7b-a168-9bc43d42a69d", "isDeleted:":"true", "version":"1707232023523"}}
{"logTime": "0208/062326", "correlationVector":"z6+Ja2mA9mFrhLqV8bAfTn.76","action":"GetUpdates", "result":"DeleteReceived", "context":{"id":"165e3d7e-9ad8-4cd9-ad15-914b735ecc10", "isDeleted:":"true", "version":"1707233945311"}}
{"logTime": "0208/062326", "correlationVector":"z6+Ja2mA9mFrhLqV8bAfTn.77","action":"GetUpdates", "result":"DeleteReceived", "context":{"id":"d8a6fca5-f684-48ce-b5ef-d8b04251dfbb", "isDeleted:":"true", "version":"1707233945313"}}
{"logTime": "0208/062326", "correlationVector":"z6+Ja2mA9mFrhLqV8bAfTn.78","action":"GetUpdates", "result":"DeleteReceived", "context":{"id":"b1e606fd-f7ad-4aad-86fc-4284b4fb36a9", "isDeleted:":"true", "version":"1707235386169"}}
{"logTime": "0208/062326", "correlationVector":"z6+Ja2mA9mFrhLqV8bAfTn.79","action":"GetUpdates", "result":"DeleteReceived", "context":{"id":"835040e4-89da-439b-ba5b-b0e790ad9bd0", "isDeleted:":"true", "version":"1707276999123"}}
{"logTime": "0208/062326", "correlationVector":"z6+Ja2mA9mFrhLqV8bAfTn.80","action":"GetUpdates", "result":"DeleteReceived", "context":{"id":"21012513-aece-4e9b-9f39-082fe035c38b", "isDeleted:":"true", "version":"1707276999127"}}
{"logTime": "0208/062326", "correlationVector":"z6+Ja2mA9mFrhLqV8bAfTn.81","action":"GetUpdates", "result":"DeleteReceived", "context":{"id":"e0fff846-9d30-4f9c-9274-9b4fa4dc5234", "isDeleted:":"true", "version":"1707276999129"}}
{"logTime": "0208/062326", "correlationVector":"z6+Ja2mA9mFrhLqV8bAfTn.82","action":"GetUpdates", "result":"DeleteReceived", "context":{"id":"e66020fc-af62-4f98-af13-d0d8b545ad24", "isDeleted:":"true", "version":"1707276999131"}}
{"logTime": "0208/062326", "correlationVector":"z6+Ja2mA9mFrhLqV8bAfTn.83","action":"GetUpdates", "result":"DeleteReceived", "context":{"id":"3bcbb278-de65-404a-ad5c-ba947ad7f2b1", "isDeleted:":"true", "version":"1707283168153"}}
{"logTime": "0208/062326", "correlationVector":"z6+Ja2mA9mFrhLqV8bAfTn.84","action":"GetUpdates", "result":"DeleteReceived", "context":{"id":"1f7457f5-5d26-463a-aad1-4dc10dd5a78f", "isDeleted:":"true", "version":"1707285786870"}}
{"logTime": "0208/062326", "correlationVector":"z6+Ja2mA9mFrhLqV8bAfTn.85","action":"GetUpdates", "result":"DeleteReceived", "context":{"id":"fc821072-e4aa-4ca5-aa9f-cefdbe2856ab", "isDeleted:":"true", "version":"1707286998848"}}
{"logTime": "0208/062326", "correlationVector":"z6+Ja2mA9mFrhLqV8bAfTn.86","action":"GetUpdates", "result":"DeleteReceived", "context":{"id":"6c69d8ff-ba03-4e74-b792-7c522e0446c0", "isDeleted:":"true", "version":"1707287029321"}}
{"logTime": "0208/062326", "correlationVector":"z6+Ja2mA9mFrhLqV8bAfTn.87","action":"GetUpdates", "result":"DeleteReceived", "context":{"id":"2f47d76d-87e9-4f7e-ba27-90b5cc139bc1", "isDeleted:":"true", "version":"1707287091725"}}
{"logTime": "0208/062326", "correlationVector":"z6+Ja2mA9mFrhLqV8bAfTn.88","action":"GetUpdates", "result":"DeleteReceived", "context":{"id":"87f28fdd-446d-40e6-905b-1340a3b175e7", "isDeleted:":"true", "version":"1707287091727"}}
{"logTime": "0208/062326", "correlationVector":"z6+Ja2mA9mFrhLqV8bAfTn.89","action":"GetUpdates", "result":"DeleteReceived", "context":{"id":"474260b0-b78c-4d70-9a91-94b9df7a7cc2", "isDeleted:":"true", "version":"1707287194487"}}
{"logTime": "0208/062326", "correlationVector":"z6+Ja2mA9mFrhLqV8bAfTn.90","action":"GetUpdates", "result":"DeleteReceived", "context":{"id":"d336bfe7-a4b4-4270-a376-fcf485086660", "isDeleted:":"true", "version":"1707287194489"}}
{"logTime": "0208/062326", "correlationVector":"z6+Ja2mA9mFrhLqV8bAfTn.91","action":"GetUpdates", "result":"DeleteReceived", "context":{"id":"e9eeb0ae-62fa-4edf-9c12-63a40f8ff1fc", "isDeleted:":"true", "version":"1707300798484"}}
{"logTime": "0208/062326", "correlationVector":"z6+Ja2mA9mFrhLqV8bAfTn.92","action":"GetUpdates", "result":"DeleteReceived", "context":{"id":"a61ec729-35e9-4427-b5db-560c9008280f", "isDeleted:":"true", "version":"1707300798485"}}
{"logTime": "0208/062326", "correlationVector":"z6+Ja2mA9mFrhLqV8bAfTn.93","action":"GetUpdates", "result":"DeleteReceived", "context":{"id":"45cf3017-699a-4bdc-a38d-47fa29092e69", "isDeleted:":"true", "version":"1707301822083"}}
{"logTime": "0208/062326", "correlationVector":"z6+Ja2mA9mFrhLqV8bAfTn.94","action":"GetUpdates", "result":"DeleteReceived", "context":{"id":"7d7052e2-bb86-45f8-a258-2d7f998373ad", "isDeleted:":"true", "version":"1707303515117"}}
{"logTime": "0208/062326", "correlationVector":"z6+Ja2mA9mFrhLqV8bAfTn.95","action":"GetUpdates", "result":"DeleteReceived", "context":{"id":"234d29a8-0000-472b-9068-f192fc809a08", "isDeleted:":"true", "version":"1707306108113"}}
{"logTime": "0208/062326", "correlationVector":"z6+Ja2mA9mFrhLqV8bAfTn.96","action":"GetUpdates", "result":"DeleteReceived", "context":{"id":"0710fc0c-75db-495d-8b8b-cf6ed5d3b62e", "isDeleted:":"true", "version":"1707308724805"}}
{"logTime": "0208/062326", "correlationVector":"z6+Ja2mA9mFrhLqV8bAfTn.97","action":"GetUpdates", "result":"DeleteReceived", "context":{"id":"fe482670-5d6a-4441-ad63-2af631e9c0b3", "isDeleted:":"true", "version":"1707310029773"}}
{"logTime": "0208/062326", "correlationVector":"z6+Ja2mA9mFrhLqV8bAfTn.98","action":"GetUpdates", "result":"DeleteReceived", "context":{"id":"f3d4c222-9036-4ea7-a777-14a68b3becc7", "isDeleted:":"true", "version":"1707310212505"}}
{"logTime": "0208/062326", "correlationVector":"z6+Ja2mA9mFrhLqV8bAfTn.99","action":"GetUpdates", "result":"DeleteReceived", "context":{"id":"1a4998b5-160c-45d4-bde6-38decd3b58d6", "isDeleted:":"true", "version":"1707310212506"}}
{"logTime": "0208/062326", "correlationVector":"z6+Ja2mA9mFrhLqV8bAfTn.100","action":"GetUpdates", "result":"DeleteReceived", "context":{"id":"8a8a420d-b3b6-481b-b924-790423b3e634", "isDeleted:":"true", "version":"1707311163186"}}
{"logTime": "0208/062326", "correlationVector":"z6+Ja2mA9mFrhLqV8bAfTn.101","action":"GetUpdates", "result":"DeleteReceived", "context":{"id":"3b59ec8f-36b8-4bda-bc40-252af28d3d4d", "isDeleted:":"true", "version":"1707318124926"}}
{"logTime": "0208/062326", "correlationVector":"z6+Ja2mA9mFrhLqV8bAfTn.102","action":"GetUpdates", "result":"DeleteReceived", "context":{"id":"8d113c73-838e-47bd-b5a2-0f07fb3d23b8", "isDeleted:":"true", "version":"1707318560955"}}
{"logTime": "0208/062326", "correlationVector":"z6+Ja2mA9mFrhLqV8bAfTn.103","action":"GetUpdates", "result":"DeleteReceived", "context":{"id":"4b00e755-3c9e-4ec5-bf53-810ad32d2b68", "isDeleted:":"true", "version":"1707320113393"}}
{"logTime": "0208/062326", "correlationVector":"z6+Ja2mA9mFrhLqV8bAfTn.104","action":"GetUpdates", "result":"DeleteReceived", "context":{"id":"28e41d04-d50c-45e9-af2c-a7fc4da75de2", "isDeleted:":"true", "version":"1707320338157"}}
{"logTime": "0208/062326", "correlationVector":"z6+Ja2mA9mFrhLqV8bAfTn.105","action":"GetUpdates", "result":"DeleteReceived", "context":{"id":"75dc5bcd-499c-4c92-8344-d1dad402ece1", "isDeleted:":"true", "version":"1707324322490"}}
{"logTime": "0208/062326", "correlationVector":"z6+Ja2mA9mFrhLqV8bAfTn.106","action":"GetUpdates", "result":"DeleteReceived", "context":{"id":"0e342627-8e34-41ab-b15f-133e2f5f9afe", "isDeleted:":"true", "version":"1707327410764"}}
{"logTime": "0208/062326", "correlationVector":"z6+Ja2mA9mFrhLqV8bAfTn.107","action":"GetUpdates", "result":"DeleteReceived", "context":{"id":"9bec699b-4b0a-4bcf-a25d-de69911978c9", "isDeleted:":"true", "version":"1707327410766"}}
{"logTime": "0208/062326", "correlationVector":"z6+Ja2mA9mFrhLqV8bAfTn.108","action":"GetUpdates", "result":"DeleteReceived", "context":{"id":"d1addcbe-0198-4351-9f32-2dfdd8fd9da8", "isDeleted:":"true", "version":"1707327410767"}}
{"logTime": "0208/062326", "correlationVector":"z6+Ja2mA9mFrhLqV8bAfTn.109","action":"GetUpdates", "result":"DeleteReceived", "context":{"id":"7e84d429-ebf0-44d4-bd26-5abc281e670a", "isDeleted:":"true", "version":"1707329345724"}}
{"logTime": "0208/062326", "correlationVector":"z6+Ja2mA9mFrhLqV8bAfTn.110","action":"GetUpdates", "result":"DeleteReceived", "context":{"id":"68db8e62-f659-47e0-9d11-0f315a9e2702", "isDeleted:":"true", "version":"1707329345726"}}
{"logTime": "0208/062326", "correlationVector":"z6+Ja2mA9mFrhLqV8bAfTn.111","action":"GetUpdates", "result":"DeleteReceived", "context":{"id":"df119524-e6c4-45cf-bffb-d1a97bd83eff", "isDeleted:":"true", "version":"1707329345727"}}
{"logTime": "0208/062326", "correlationVector":"z6+Ja2mA9mFrhLqV8bAfTn.112","action":"GetUpdates", "result":"DeleteReceived", "context":{"id":"32f40d82-e363-480d-9307-4e85a2f200e2", "isDeleted:":"true", "version":"1707329980939"}}
{"logTime": "0208/062326", "correlationVector":"z6+Ja2mA9mFrhLqV8bAfTn.113","action":"GetUpdates", "result":"DeleteReceived", "context":{"id":"ad8e30b5-3369-4103-be1c-e71e74b0269a", "isDeleted:":"true", "version":"1707330262410"}}
{"logTime": "0208/062326", "correlationVector":"z6+Ja2mA9mFrhLqV8bAfTn.114","action":"GetUpdates", "result":"DeleteReceived", "context":{"id":"b71bc44a-4141-4e61-bde1-46e7bf19d7c7", "isDeleted:":"true", "version":"1707330262411"}}
{"logTime": "0208/062326", "correlationVector":"z6+Ja2mA9mFrhLqV8bAfTn.115","action":"GetUpdates", "result":"DeleteReceived", "context":{"id":"09a8f568-cd48-44bf-bed2-2a3ac7ea8510", "isDeleted:":"true", "version":"1707330539360"}}
{"logTime": "0208/062326", "correlationVector":"z6+Ja2mA9mFrhLqV8bAfTn.116","action":"GetUpdates", "result":"DeleteReceived", "context":{"id":"4762cbc6-ab5a-43e0-8e90-54038a40a437", "isDeleted:":"true", "version":"1707330630196"}}
{"logTime": "0208/062326", "correlationVector":"z6+Ja2mA9mFrhLqV8bAfTn.117","action":"GetUpdates", "result":"DeleteReceived", "context":{"id":"27c066ed-3fe9-4c31-9959-88cb851774d4", "isDeleted:":"true", "version":"1707330862843"}}
{"logTime": "0208/062326", "correlationVector":"z6+Ja2mA9mFrhLqV8bAfTn.118","action":"GetUpdates Response", "result":"SYNCER_OK", "context":Received 203 update(s). cV=z6+Ja2mA9mFrhLqV8bAfTn.0;server=GENERAL0100001H;cloudType=Consumer;environment=Prod_SoutheastAsia_000j;migrationStage=NotStarted}
{"logTime": "0208/062326", "correlationVector":"EmpYmk/9LPO3OnyMxV3o4f","action":"Commit Request", "result":"", "context":Item count: 1
Contributing types: Device Info}
{"logTime": "0208/062326", "correlationVector":"EmpYmk/9LPO3OnyMxV3o4f.1","action":"SyncServerConnectionManagerRequest", "result":"SYNC_SERVER_OK", "context":{"environment":"Prod_SoutheastAsia_000j", "migrationStage":"NotStarted", "server":"GENERAL03000008"}}
{"logTime": "0208/062327", "correlationVector":"EmpYmk/9LPO3OnyMxV3o4f.2","action":"Commit Response", "result":"SYNCER_OK", "context":Result: SYNCER_OK. cV=EmpYmk/9LPO3OnyMxV3o4f.0;server=GENERAL03000008;cloudType=Consumer;environment=Prod_SoutheastAsia_000j;migrationStage=NotStarted}
{"logTime": "0208/062327", "correlationVector":"lPscKlvquj2TbZl65puFrM","action":"Commit Request", "result":"", "context":Item count: 7
Contributing types: Autofill, Sessions}
{"logTime": "0208/062327", "correlationVector":"lPscKlvquj2TbZl65puFrM.1","action":"SyncServerConnectionManagerRequest", "result":"SYNC_SERVER_OK", "context":{"environment":"Prod_SoutheastAsia_000j", "migrationStage":"NotStarted", "server":"GENERAL0100000L"}}
{"logTime": "0208/062327", "correlationVector":"lPscKlvquj2TbZl65puFrM.3","action":"Commit.Sessions", "result":"Success", "context":{"id":"cb6f9193-2757-4462-ae4c-a45f8935e2f5", "isDeleted":"true", "size":"0", "version":"1706780752355"}}
{"logTime": "0208/062327", "correlationVector":"lPscKlvquj2TbZl65puFrM.2","action":"Commit Response", "result":"SYNCER_OK", "context":Result: SYNCER_OK. cV=lPscKlvquj2TbZl65puFrM.0;server=GENERAL0100000L;cloudType=Consumer;environment=Prod_SoutheastAsia_000j;migrationStage=NotStarted}
{"logTime": "0208/062327", "correlationVector":"U1STJ3sydyovjdFFsxP4UU","action":"Poll GetUpdate request", "result":"", "context":cV=U1STJ3sydyovjdFFsxP4UU}
{"logTime": "0208/062327", "correlationVector":"U1STJ3sydyovjdFFsxP4UU.1","action":"SyncServerConnectionManagerRequest", "result":"SYNC_SERVER_OK", "context":{"environment":"Prod_SoutheastAsia_000j", "migrationStage":"NotStarted", "server":"GENERAL0100000G"}}
{"logTime": "0208/062327", "correlationVector":"U1STJ3sydyovjdFFsxP4UU.2","action":"GetUpdates", "result":"DeleteReceived", "context":{"id":"cb6f9193-2757-4462-ae4c-a45f8935e2f5", "isDeleted:":"true", "version":"1707373349418"}}
{"logTime": "0208/062327", "correlationVector":"U1STJ3sydyovjdFFsxP4UU.3","action":"GetUpdates Response", "result":"SYNCER_OK", "context":Received 8 update(s). cV=U1STJ3sydyovjdFFsxP4UU.0;server=GENERAL0100000G;cloudType=Consumer;environment=Prod_SoutheastAsia_000j;migrationStage=NotStarted}
{"logTime": "0208/062327", "correlationVector":"YxKDDSrn8Jn1q0aSVUjJP2","action":"Normal GetUpdate request", "result":"", "context":cV=YxKDDSrn8Jn1q0aSVUjJP2
Nudged types: Autofill, Sessions, Device Info}
{"logTime": "0208/062327", "correlationVector":"YxKDDSrn8Jn1q0aSVUjJP2.1","action":"SyncServerConnectionManagerRequest", "result":"SYNC_SERVER_OK", "context":{"environment":"Prod_SoutheastAsia_000j", "migrationStage":"NotStarted", "server":"GENERAL03000001"}}
{"logTime": "0208/062327", "correlationVector":"YxKDDSrn8Jn1q0aSVUjJP2.2","action":"GetUpdates Response", "result":"SYNCER_OK", "context":Received 0 update(s). cV=YxKDDSrn8Jn1q0aSVUjJP2.0;server=GENERAL03000001;cloudType=Consumer;environment=Prod_SoutheastAsia_000j;migrationStage=NotStarted}
{"logTime": "0208/062327", "correlationVector":"SzG+FCp8kuzSri/sbow0Pu","action":"Commit Request", "result":"", "context":Item count: 1
Contributing types: Sessions}
{"logTime": "0208/062327", "correlationVector":"SzG+FCp8kuzSri/sbow0Pu.1","action":"SyncServerConnectionManagerRequest", "result":"SYNC_SERVER_OK", "context":{"environment":"Prod_SoutheastAsia_000j", "migrationStage":"NotStarted", "server":"GENERAL0300000G"}}
{"logTime": "0208/062327", "correlationVector":"SzG+FCp8kuzSri/sbow0Pu.2","action":"Commit Response", "result":"SYNCER_OK", "context":Result: SYNCER_OK. cV=SzG+FCp8kuzSri/sbow0Pu.0;server=GENERAL0300000G;cloudType=Consumer;environment=Prod_SoutheastAsia_000j;migrationStage=NotStarted}
{"logTime": "0208/062327", "correlationVector":"JV+tcFaT/XWVSf0+Dcn/68","action":"Commit Request", "result":"", "context":Item count: 20
Contributing types: Passwords}
{"logTime": "0208/062327", "correlationVector":"JV+tcFaT/XWVSf0+Dcn/68.1","action":"SyncServerConnectionManagerRequest", "result":"SYNC_SERVER_OK", "context":{"environment":"Prod_SoutheastAsia_000j", "migrationStage":"NotStarted", "server":"GENERAL0300000G"}}
{"logTime": "0208/062327", "correlationVector":"JV+tcFaT/XWVSf0+Dcn/68.2","action":"Commit Response", "result":"SYNCER_OK", "context":Result: SYNCER_OK. cV=JV+tcFaT/XWVSf0+Dcn/68.0;server=GENERAL0300000G;cloudType=Consumer;environment=Prod_SoutheastAsia_000j;migrationStage=NotStarted}
{"logTime": "0208/062327", "correlationVector":"OIGQhyqGeNg5OgHsVbSeEW","action":"Commit Request", "result":"", "context":Item count: 20
Contributing types: Passwords}
{"logTime": "0208/062327", "correlationVector":"OIGQhyqGeNg5OgHsVbSeEW.1","action":"SyncServerConnectionManagerRequest", "result":"SYNC_SERVER_OK", "context":{"environment":"Prod_SoutheastAsia_000j", "migrationStage":"NotStarted", "server":"GENERAL0100001G"}}
{"logTime": "0208/062327", "correlationVector":"OIGQhyqGeNg5OgHsVbSeEW.2","action":"Commit Response", "result":"SYNCER_OK", "context":Result: SYNCER_OK. cV=OIGQhyqGeNg5OgHsVbSeEW.0;server=GENERAL0100001G;cloudType=Consumer;environment=Prod_SoutheastAsia_000j;migrationStage=NotStarted}
{"logTime": "0208/062327", "correlationVector":"WXbXqUuYfrk3nGjEYoI6Ut","action":"Commit Request", "result":"", "context":Item count: 11
Contributing types: Passwords}
{"logTime": "0208/062327", "correlationVector":"WXbXqUuYfrk3nGjEYoI6Ut.1","action":"SyncServerConnectionManagerRequest", "result":"SYNC_SERVER_OK", "context":{"environment":"Prod_SoutheastAsia_000j", "migrationStage":"NotStarted", "server":"GENERAL01000014"}}
{"logTime": "0208/062327", "correlationVector":"WXbXqUuYfrk3nGjEYoI6Ut.2","action":"Commit Response", "result":"SYNCER_OK", "context":Result: SYNCER_OK. cV=WXbXqUuYfrk3nGjEYoI6Ut.0;server=GENERAL01000014;cloudType=Consumer;environment=Prod_SoutheastAsia_000j;migrationStage=NotStarted}
{"logTime": "0208/062327", "correlationVector":"c6MdJleR5Y4o1hzN/ugGnu","action":"Commit Request", "result":"", "context":Item count: 1
Contributing types: Preferences}
{"logTime": "0208/062327", "correlationVector":"c6MdJleR5Y4o1hzN/ugGnu.1","action":"SyncServerConnectionManagerRequest", "result":"SYNC_SERVER_OK", "context":{"environment":"Prod_SoutheastAsia_000j", "migrationStage":"NotStarted", "server":"GENERAL03000008"}}
{"logTime": "0208/062327", "correlationVector":"c6MdJleR5Y4o1hzN/ugGnu.2","action":"Commit Response", "result":"SYNCER_OK", "context":Result: SYNCER_OK. cV=c6MdJleR5Y4o1hzN/ugGnu.0;server=GENERAL03000008;cloudType=Consumer;environment=Prod_SoutheastAsia_000j;migrationStage=NotStarted}
{"logTime": "0208/062416", "correlationVector":"Y/LxWbDu3wx5K4JXjbUI20","action":"Normal GetUpdate request", "result":"", "context":cV=Y/LxWbDu3wx5K4JXjbUI20
Nudged types: Typed URLs, Sessions
Notified types: Typed URLs, Extensions}
{"logTime": "0208/062417", "correlationVector":"Y/LxWbDu3wx5K4JXjbUI20.1","action":"SyncServerConnectionManagerRequest", "result":"SYNC_SERVER_OK", "context":{"environment":"Prod_SoutheastAsia_000j", "migrationStage":"NotStarted", "server":"GENERAL0300000Y"}}
{"logTime": "0208/062417", "correlationVector":"Y/LxWbDu3wx5K4JXjbUI20.2","action":"GetUpdates", "result":"DeleteReceived", "context":{"id":"fc0b968f-08f0-4959-a677-e5b5677da404", "isDeleted:":"true", "version":"1707373454457"}}
{"logTime": "0208/062417", "correlationVector":"Y/LxWbDu3wx5K4JXjbUI20.3","action":"GetUpdates", "result":"DeleteReceived", "context":{"id":"cd1509c6-63e2-40bd-adf5-a38ea11e9ab1", "isDeleted:":"true", "version":"1707373454459"}}
{"logTime": "0208/062417", "correlationVector":"Y/LxWbDu3wx5K4JXjbUI20.4","action":"GetUpdates", "result":"DeleteReceived", "context":{"id":"afe8d3ec-5963-4ebd-91da-c96da7bfb5de", "isDeleted:":"true", "version":"1707373454460"}}
{"logTime": "0208/062417", "correlationVector":"Y/LxWbDu3wx5K4JXjbUI20.5","action":"GetUpdates Response", "result":"SYNCER_OK", "context":Received 59 update(s). cV=Y/LxWbDu3wx5K4JXjbUI20.0;server=GENERAL0300000Y;cloudType=Consumer;environment=Prod_SoutheastAsia_000j;migrationStage=NotStarted}
{"logTime": "0208/062417", "correlationVector":"xo5638ieA1c7TKUuLigfcP","action":"Commit Request", "result":"", "context":Item count: 1
Contributing types: Sessions}
{"logTime": "0208/062417", "correlationVector":"xo5638ieA1c7TKUuLigfcP.1","action":"SyncServerConnectionManagerRequest", "result":"SYNC_SERVER_OK", "context":{"environment":"Prod_SoutheastAsia_000j", "migrationStage":"NotStarted", "server":"GENERAL0100001A"}}
{"logTime": "0208/062417", "correlationVector":"xo5638ieA1c7TKUuLigfcP.2","action":"Commit Response", "result":"SYNCER_OK", "context":Result: SYNCER_OK. cV=xo5638ieA1c7TKUuLigfcP.0;server=GENERAL0100001A;cloudType=Consumer;environment=Prod_SoutheastAsia_000j;migrationStage=NotStarted}
{"logTime": "0208/062418", "correlationVector":"M2BtZ/6zO7S3kA28E1TkeU","action":"Normal GetUpdate request", "result":"", "context":cV=M2BtZ/6zO7S3kA28E1TkeU
Nudged types: Sessions
Notified types: Preferences}
{"logTime": "0208/062418", "correlationVector":"M2BtZ/6zO7S3kA28E1TkeU.1","action":"SyncServerConnectionManagerRequest", "result":"SYNC_SERVER_OK", "context":{"environment":"Prod_SoutheastAsia_000j", "migrationStage":"NotStarted", "server":"GENERAL01000002"}}
{"logTime": "0208/062418", "correlationVector":"M2BtZ/6zO7S3kA28E1TkeU.2","action":"GetUpdates Response", "result":"SYNCER_OK", "context":Received 2 update(s). cV=M2BtZ/6zO7S3kA28E1TkeU.0;server=GENERAL01000002;cloudType=Consumer;environment=Prod_SoutheastAsia_000j;migrationStage=NotStarted}
{"logTime": "0208/062453", "correlationVector":"ftIJN4ic623pu7dskVNIjz","action":"Commit Request", "result":"", "context":Item count: 1
Contributing types: Sessions}
{"logTime": "0208/062453", "correlationVector":"ftIJN4ic623pu7dskVNIjz.1","action":"SyncServerConnectionManagerRequest", "result":"SYNC_SERVER_OK", "context":{"environment":"Prod_SoutheastAsia_000j", "migrationStage":"NotStarted", "server":"GENERAL01000008"}}
{"logTime": "0208/062453", "correlationVector":"ftIJN4ic623pu7dskVNIjz.2","action":"Commit Response", "result":"SYNCER_OK", "context":Result: SYNCER_OK. cV=ftIJN4ic623pu7dskVNIjz.0;server=GENERAL01000008;cloudType=Consumer;environment=Prod_SoutheastAsia_000j;migrationStage=NotStarted}
{"logTime": "0208/062527", "correlationVector":"caphu4IEuwHnqoWfdp5pWi","action":"Commit Request", "result":"", "context":Item count: 1
Contributing types: Sessions}
{"logTime": "0208/062527", "correlationVector":"caphu4IEuwHnqoWfdp5pWi.1","action":"SyncServerConnectionManagerRequest", "result":"SYNC_SERVER_OK", "context":{"environment":"Prod_SoutheastAsia_000j", "migrationStage":"NotStarted", "server":"GENERAL0300002E"}}
{"logTime": "0208/062527", "correlationVector":"caphu4IEuwHnqoWfdp5pWi.2","action":"Commit Response", "result":"SYNCER_OK", "context":Result: SYNCER_OK. cV=caphu4IEuwHnqoWfdp5pWi.0;server=GENERAL0300002E;cloudType=Consumer;environment=Prod_SoutheastAsia_000j;migrationStage=NotStarted}
